<?xml version="1.0" encoding="UTF-8"?>
<testsuite xmlns:xsi="http://www.w3.org/2001/XMLSchema-instance" xsi:noNamespaceSchemaLocation="https://maven.apache.org/surefire/maven-surefire-plugin/xsd/surefire-test-report-3.0.xsd" version="3.0" name="TestSuite" time="418.534" tests="15" errors="0" skipped="0" failures="3">
  <properties>
    <property name="java.specification.version" value="21"/>
    <property name="webdriver.chrome.driver" value="src/test/resources/chromedriver.exe"/>
    <property name="sun.cpu.isalist" value="amd64"/>
    <property name="sun.jnu.encoding" value="Cp1251"/>
    <property name="org.uncommons.reportng.escape-output" value="false"/>
    <property name="java.class.path" value="D:\QA\MyProjestsNew\com.google\target\test-classes;D:\QA\MyProjestsNew\com.google\target\classes;C:\Users\Admin\.m2\repository\org\seleniumhq\selenium\selenium-java\4.13.0\selenium-java-4.13.0.jar;C:\Users\Admin\.m2\repository\org\seleniumhq\selenium\selenium-api\4.13.0\selenium-api-4.13.0.jar;C:\Users\Admin\.m2\repository\org\seleniumhq\selenium\selenium-chrome-driver\4.13.0\selenium-chrome-driver-4.13.0.jar;C:\Users\Admin\.m2\repository\com\google\auto\service\auto-service-annotations\1.1.1\auto-service-annotations-1.1.1.jar;C:\Users\Admin\.m2\repository\org\seleniumhq\selenium\selenium-chromium-driver\4.13.0\selenium-chromium-driver-4.13.0.jar;C:\Users\Admin\.m2\repository\org\seleniumhq\selenium\selenium-json\4.13.0\selenium-json-4.13.0.jar;C:\Users\Admin\.m2\repository\org\seleniumhq\selenium\selenium-manager\4.13.0\selenium-manager-4.13.0.jar;C:\Users\Admin\.m2\repository\org\seleniumhq\selenium\selenium-devtools-v115\4.13.0\selenium-devtools-v115-4.13.0.jar;C:\Users\Admin\.m2\repository\org\seleniumhq\selenium\selenium-devtools-v116\4.13.0\selenium-devtools-v116-4.13.0.jar;C:\Users\Admin\.m2\repository\org\seleniumhq\selenium\selenium-devtools-v117\4.13.0\selenium-devtools-v117-4.13.0.jar;C:\Users\Admin\.m2\repository\org\seleniumhq\selenium\selenium-devtools-v85\4.13.0\selenium-devtools-v85-4.13.0.jar;C:\Users\Admin\.m2\repository\org\seleniumhq\selenium\selenium-edge-driver\4.13.0\selenium-edge-driver-4.13.0.jar;C:\Users\Admin\.m2\repository\org\seleniumhq\selenium\selenium-firefox-driver\4.13.0\selenium-firefox-driver-4.13.0.jar;C:\Users\Admin\.m2\repository\org\seleniumhq\selenium\selenium-http\4.13.0\selenium-http-4.13.0.jar;C:\Users\Admin\.m2\repository\dev\failsafe\failsafe\3.3.2\failsafe-3.3.2.jar;C:\Users\Admin\.m2\repository\org\seleniumhq\selenium\selenium-ie-driver\4.13.0\selenium-ie-driver-4.13.0.jar;C:\Users\Admin\.m2\repository\org\seleniumhq\selenium\selenium-remote-driver\4.13.0\selenium-remote-driver-4.13.0.jar;C:\Users\Admin\.m2\repository\io\netty\netty-buffer\4.1.96.Final\netty-buffer-4.1.96.Final.jar;C:\Users\Admin\.m2\repository\io\netty\netty-codec-http\4.1.96.Final\netty-codec-http-4.1.96.Final.jar;C:\Users\Admin\.m2\repository\io\netty\netty-codec\4.1.96.Final\netty-codec-4.1.96.Final.jar;C:\Users\Admin\.m2\repository\io\netty\netty-handler\4.1.96.Final\netty-handler-4.1.96.Final.jar;C:\Users\Admin\.m2\repository\io\netty\netty-common\4.1.96.Final\netty-common-4.1.96.Final.jar;C:\Users\Admin\.m2\repository\io\netty\netty-transport-classes-epoll\4.1.96.Final\netty-transport-classes-epoll-4.1.96.Final.jar;C:\Users\Admin\.m2\repository\io\netty\netty-transport-classes-kqueue\4.1.96.Final\netty-transport-classes-kqueue-4.1.96.Final.jar;C:\Users\Admin\.m2\repository\io\netty\netty-transport-native-epoll\4.1.96.Final\netty-transport-native-epoll-4.1.96.Final.jar;C:\Users\Admin\.m2\repository\io\netty\netty-transport-native-kqueue\4.1.96.Final\netty-transport-native-kqueue-4.1.96.Final.jar;C:\Users\Admin\.m2\repository\io\netty\netty-transport-native-unix-common\4.1.96.Final\netty-transport-native-unix-common-4.1.96.Final.jar;C:\Users\Admin\.m2\repository\io\netty\netty-transport\4.1.96.Final\netty-transport-4.1.96.Final.jar;C:\Users\Admin\.m2\repository\io\netty\netty-resolver\4.1.96.Final\netty-resolver-4.1.96.Final.jar;C:\Users\Admin\.m2\repository\io\opentelemetry\opentelemetry-api\1.28.0\opentelemetry-api-1.28.0.jar;C:\Users\Admin\.m2\repository\io\opentelemetry\opentelemetry-context\1.28.0\opentelemetry-context-1.28.0.jar;C:\Users\Admin\.m2\repository\io\opentelemetry\opentelemetry-exporter-logging\1.28.0\opentelemetry-exporter-logging-1.28.0.jar;C:\Users\Admin\.m2\repository\io\opentelemetry\opentelemetry-sdk-metrics\1.28.0\opentelemetry-sdk-metrics-1.28.0.jar;C:\Users\Admin\.m2\repository\io\opentelemetry\opentelemetry-extension-incubator\1.28.0-alpha\opentelemetry-extension-incubator-1.28.0-alpha.jar;C:\Users\Admin\.m2\repository\io\opentelemetry\opentelemetry-sdk-logs\1.28.0\opentelemetry-sdk-logs-1.28.0.jar;C:\Users\Admin\.m2\repository\io\opentelemetry\opentelemetry-sdk-common\1.28.0\opentelemetry-sdk-common-1.28.0.jar;C:\Users\Admin\.m2\repository\io\opentelemetry\opentelemetry-sdk-extension-autoconfigure-spi\1.28.0\opentelemetry-sdk-extension-autoconfigure-spi-1.28.0.jar;C:\Users\Admin\.m2\repository\io\opentelemetry\opentelemetry-sdk-extension-autoconfigure\1.28.0\opentelemetry-sdk-extension-autoconfigure-1.28.0.jar;C:\Users\Admin\.m2\repository\io\opentelemetry\opentelemetry-api-events\1.28.0-alpha\opentelemetry-api-events-1.28.0-alpha.jar;C:\Users\Admin\.m2\repository\io\opentelemetry\opentelemetry-sdk-trace\1.28.0\opentelemetry-sdk-trace-1.28.0.jar;C:\Users\Admin\.m2\repository\io\opentelemetry\opentelemetry-sdk\1.28.0\opentelemetry-sdk-1.28.0.jar;C:\Users\Admin\.m2\repository\io\opentelemetry\opentelemetry-semconv\1.28.0-alpha\opentelemetry-semconv-1.28.0-alpha.jar;C:\Users\Admin\.m2\repository\org\asynchttpclient\async-http-client\2.12.3\async-http-client-2.12.3.jar;C:\Users\Admin\.m2\repository\org\asynchttpclient\async-http-client-netty-utils\2.12.3\async-http-client-netty-utils-2.12.3.jar;C:\Users\Admin\.m2\repository\io\netty\netty-codec-socks\4.1.60.Final\netty-codec-socks-4.1.60.Final.jar;C:\Users\Admin\.m2\repository\io\netty\netty-handler-proxy\4.1.60.Final\netty-handler-proxy-4.1.60.Final.jar;C:\Users\Admin\.m2\repository\io\netty\netty-transport-native-epoll\4.1.60.Final\netty-transport-native-epoll-4.1.60.Final-linux-x86_64.jar;C:\Users\Admin\.m2\repository\io\netty\netty-transport-native-kqueue\4.1.60.Final\netty-transport-native-kqueue-4.1.60.Final-osx-x86_64.jar;C:\Users\Admin\.m2\repository\org\reactivestreams\reactive-streams\1.0.3\reactive-streams-1.0.3.jar;C:\Users\Admin\.m2\repository\com\typesafe\netty\netty-reactive-streams\2.0.4\netty-reactive-streams-2.0.4.jar;C:\Users\Admin\.m2\repository\com\sun\activation\jakarta.activation\1.2.2\jakarta.activation-1.2.2.jar;C:\Users\Admin\.m2\repository\org\seleniumhq\selenium\selenium-os\4.13.0\selenium-os-4.13.0.jar;C:\Users\Admin\.m2\repository\org\seleniumhq\selenium\selenium-safari-driver\4.13.0\selenium-safari-driver-4.13.0.jar;C:\Users\Admin\.m2\repository\org\seleniumhq\selenium\selenium-support\4.13.0\selenium-support-4.13.0.jar;C:\Users\Admin\.m2\repository\org\testng\testng\7.7.1\testng-7.7.1.jar;C:\Users\Admin\.m2\repository\org\slf4j\slf4j-api\1.7.36\slf4j-api-1.7.36.jar;C:\Users\Admin\.m2\repository\com\beust\jcommander\1.82\jcommander-1.82.jar;C:\Users\Admin\.m2\repository\org\webjars\jquery\3.6.1\jquery-3.6.1.jar;C:\Users\Admin\.m2\repository\org\uncommons\reportng\1.1.4\reportng-1.1.4.jar;C:\Users\Admin\.m2\repository\velocity\velocity\1.4\velocity-1.4.jar;C:\Users\Admin\.m2\repository\velocity\velocity-dep\1.4\velocity-dep-1.4.jar;C:\Users\Admin\.m2\repository\org\apache\velocity\velocity\1.7\velocity-1.7.jar;C:\Users\Admin\.m2\repository\commons-collections\commons-collections\3.2.1\commons-collections-3.2.1.jar;C:\Users\Admin\.m2\repository\commons-lang\commons-lang\2.4\commons-lang-2.4.jar;C:\Users\Admin\.m2\repository\com\google\inject\guice\7.0.0\guice-7.0.0.jar;C:\Users\Admin\.m2\repository\jakarta\inject\jakarta.inject-api\2.0.1\jakarta.inject-api-2.0.1.jar;C:\Users\Admin\.m2\repository\aopalliance\aopalliance\1.0\aopalliance-1.0.jar;C:\Users\Admin\.m2\repository\com\google\guava\guava\31.0.1-jre\guava-31.0.1-jre.jar;C:\Users\Admin\.m2\repository\com\google\guava\failureaccess\1.0.1\failureaccess-1.0.1.jar;C:\Users\Admin\.m2\repository\com\google\guava\listenablefuture\9999.0-empty-to-avoid-conflict-with-guava\listenablefuture-9999.0-empty-to-avoid-conflict-with-guava.jar;C:\Users\Admin\.m2\repository\com\google\code\findbugs\jsr305\3.0.2\jsr305-3.0.2.jar;C:\Users\Admin\.m2\repository\org\checkerframework\checker-qual\3.12.0\checker-qual-3.12.0.jar;C:\Users\Admin\.m2\repository\com\google\errorprone\error_prone_annotations\2.7.1\error_prone_annotations-2.7.1.jar;C:\Users\Admin\.m2\repository\com\google\j2objc\j2objc-annotations\1.3\j2objc-annotations-1.3.jar;C:\Users\Admin\.m2\repository\org\apache\maven\maven-project\2.2.1\maven-project-2.2.1.jar;C:\Users\Admin\.m2\repository\org\apache\maven\maven-settings\2.2.1\maven-settings-2.2.1.jar;C:\Users\Admin\.m2\repository\org\apache\maven\maven-profile\2.2.1\maven-profile-2.2.1.jar;C:\Users\Admin\.m2\repository\org\apache\maven\maven-model\2.2.1\maven-model-2.2.1.jar;C:\Users\Admin\.m2\repository\org\apache\maven\maven-artifact-manager\2.2.1\maven-artifact-manager-2.2.1.jar;C:\Users\Admin\.m2\repository\org\apache\maven\maven-repository-metadata\2.2.1\maven-repository-metadata-2.2.1.jar;C:\Users\Admin\.m2\repository\org\apache\maven\wagon\wagon-provider-api\1.0-beta-6\wagon-provider-api-1.0-beta-6.jar;C:\Users\Admin\.m2\repository\backport-util-concurrent\backport-util-concurrent\3.1\backport-util-concurrent-3.1.jar;C:\Users\Admin\.m2\repository\org\apache\maven\maven-plugin-registry\2.2.1\maven-plugin-registry-2.2.1.jar;C:\Users\Admin\.m2\repository\org\codehaus\plexus\plexus-interpolation\1.11\plexus-interpolation-1.11.jar;C:\Users\Admin\.m2\repository\org\codehaus\plexus\plexus-utils\1.5.15\plexus-utils-1.5.15.jar;C:\Users\Admin\.m2\repository\org\apache\maven\maven-artifact\2.2.1\maven-artifact-2.2.1.jar;C:\Users\Admin\.m2\repository\org\codehaus\plexus\plexus-container-default\1.0-alpha-9-stable-1\plexus-container-default-1.0-alpha-9-stable-1.jar;C:\Users\Admin\.m2\repository\junit\junit\3.8.1\junit-3.8.1.jar;C:\Users\Admin\.m2\repository\classworlds\classworlds\1.1-alpha-2\classworlds-1.1-alpha-2.jar;C:\Users\Admin\.m2\repository\org\seleniumhq\selenium\selenium-opera-driver\3.141.59\selenium-opera-driver-3.141.59.jar;C:\Users\Admin\.m2\repository\net\bytebuddy\byte-buddy\1.8.15\byte-buddy-1.8.15.jar;C:\Users\Admin\.m2\repository\org\apache\commons\commons-exec\1.3\commons-exec-1.3.jar;C:\Users\Admin\.m2\repository\com\squareup\okhttp3\okhttp\3.11.0\okhttp-3.11.0.jar;C:\Users\Admin\.m2\repository\com\squareup\okio\okio\1.14.0\okio-1.14.0.jar;"/>
    <property name="java.vm.vendor" value="Oracle Corporation"/>
    <property name="sun.arch.data.model" value="64"/>
    <property name="user.variant" value=""/>
    <property name="java.vendor.url" value="https://java.oracle.com/"/>
    <property name="user.timezone" value="Europe/Kiev"/>
    <property name="os.name" value="Windows 11"/>
    <property name="java.vm.specification.version" value="21"/>
    <property name="sun.java.launcher" value="SUN_STANDARD"/>
    <property name="user.country" value="US"/>
    <property name="sun.boot.library.path" value="C:\Program Files\Java\jdk-21\bin"/>
    <property name="sun.java.command" value="C:\Users\Admin\AppData\Local\Temp\surefire10047865909509914641\surefirebooter-20231227201440054_3.jar C:\Users\Admin\AppData\Local\Temp\surefire10047865909509914641 2023-12-27T20-14-39_840-jvmRun1 surefire-20231227201440054_1tmp surefire_0-20231227201440054_2tmp"/>
    <property name="jdk.debug" value="release"/>
    <property name="surefire.test.class.path" value="D:\QA\MyProjestsNew\com.google\target\test-classes;D:\QA\MyProjestsNew\com.google\target\classes;C:\Users\Admin\.m2\repository\org\seleniumhq\selenium\selenium-java\4.13.0\selenium-java-4.13.0.jar;C:\Users\Admin\.m2\repository\org\seleniumhq\selenium\selenium-api\4.13.0\selenium-api-4.13.0.jar;C:\Users\Admin\.m2\repository\org\seleniumhq\selenium\selenium-chrome-driver\4.13.0\selenium-chrome-driver-4.13.0.jar;C:\Users\Admin\.m2\repository\com\google\auto\service\auto-service-annotations\1.1.1\auto-service-annotations-1.1.1.jar;C:\Users\Admin\.m2\repository\org\seleniumhq\selenium\selenium-chromium-driver\4.13.0\selenium-chromium-driver-4.13.0.jar;C:\Users\Admin\.m2\repository\org\seleniumhq\selenium\selenium-json\4.13.0\selenium-json-4.13.0.jar;C:\Users\Admin\.m2\repository\org\seleniumhq\selenium\selenium-manager\4.13.0\selenium-manager-4.13.0.jar;C:\Users\Admin\.m2\repository\org\seleniumhq\selenium\selenium-devtools-v115\4.13.0\selenium-devtools-v115-4.13.0.jar;C:\Users\Admin\.m2\repository\org\seleniumhq\selenium\selenium-devtools-v116\4.13.0\selenium-devtools-v116-4.13.0.jar;C:\Users\Admin\.m2\repository\org\seleniumhq\selenium\selenium-devtools-v117\4.13.0\selenium-devtools-v117-4.13.0.jar;C:\Users\Admin\.m2\repository\org\seleniumhq\selenium\selenium-devtools-v85\4.13.0\selenium-devtools-v85-4.13.0.jar;C:\Users\Admin\.m2\repository\org\seleniumhq\selenium\selenium-edge-driver\4.13.0\selenium-edge-driver-4.13.0.jar;C:\Users\Admin\.m2\repository\org\seleniumhq\selenium\selenium-firefox-driver\4.13.0\selenium-firefox-driver-4.13.0.jar;C:\Users\Admin\.m2\repository\org\seleniumhq\selenium\selenium-http\4.13.0\selenium-http-4.13.0.jar;C:\Users\Admin\.m2\repository\dev\failsafe\failsafe\3.3.2\failsafe-3.3.2.jar;C:\Users\Admin\.m2\repository\org\seleniumhq\selenium\selenium-ie-driver\4.13.0\selenium-ie-driver-4.13.0.jar;C:\Users\Admin\.m2\repository\org\seleniumhq\selenium\selenium-remote-driver\4.13.0\selenium-remote-driver-4.13.0.jar;C:\Users\Admin\.m2\repository\io\netty\netty-buffer\4.1.96.Final\netty-buffer-4.1.96.Final.jar;C:\Users\Admin\.m2\repository\io\netty\netty-codec-http\4.1.96.Final\netty-codec-http-4.1.96.Final.jar;C:\Users\Admin\.m2\repository\io\netty\netty-codec\4.1.96.Final\netty-codec-4.1.96.Final.jar;C:\Users\Admin\.m2\repository\io\netty\netty-handler\4.1.96.Final\netty-handler-4.1.96.Final.jar;C:\Users\Admin\.m2\repository\io\netty\netty-common\4.1.96.Final\netty-common-4.1.96.Final.jar;C:\Users\Admin\.m2\repository\io\netty\netty-transport-classes-epoll\4.1.96.Final\netty-transport-classes-epoll-4.1.96.Final.jar;C:\Users\Admin\.m2\repository\io\netty\netty-transport-classes-kqueue\4.1.96.Final\netty-transport-classes-kqueue-4.1.96.Final.jar;C:\Users\Admin\.m2\repository\io\netty\netty-transport-native-epoll\4.1.96.Final\netty-transport-native-epoll-4.1.96.Final.jar;C:\Users\Admin\.m2\repository\io\netty\netty-transport-native-kqueue\4.1.96.Final\netty-transport-native-kqueue-4.1.96.Final.jar;C:\Users\Admin\.m2\repository\io\netty\netty-transport-native-unix-common\4.1.96.Final\netty-transport-native-unix-common-4.1.96.Final.jar;C:\Users\Admin\.m2\repository\io\netty\netty-transport\4.1.96.Final\netty-transport-4.1.96.Final.jar;C:\Users\Admin\.m2\repository\io\netty\netty-resolver\4.1.96.Final\netty-resolver-4.1.96.Final.jar;C:\Users\Admin\.m2\repository\io\opentelemetry\opentelemetry-api\1.28.0\opentelemetry-api-1.28.0.jar;C:\Users\Admin\.m2\repository\io\opentelemetry\opentelemetry-context\1.28.0\opentelemetry-context-1.28.0.jar;C:\Users\Admin\.m2\repository\io\opentelemetry\opentelemetry-exporter-logging\1.28.0\opentelemetry-exporter-logging-1.28.0.jar;C:\Users\Admin\.m2\repository\io\opentelemetry\opentelemetry-sdk-metrics\1.28.0\opentelemetry-sdk-metrics-1.28.0.jar;C:\Users\Admin\.m2\repository\io\opentelemetry\opentelemetry-extension-incubator\1.28.0-alpha\opentelemetry-extension-incubator-1.28.0-alpha.jar;C:\Users\Admin\.m2\repository\io\opentelemetry\opentelemetry-sdk-logs\1.28.0\opentelemetry-sdk-logs-1.28.0.jar;C:\Users\Admin\.m2\repository\io\opentelemetry\opentelemetry-sdk-common\1.28.0\opentelemetry-sdk-common-1.28.0.jar;C:\Users\Admin\.m2\repository\io\opentelemetry\opentelemetry-sdk-extension-autoconfigure-spi\1.28.0\opentelemetry-sdk-extension-autoconfigure-spi-1.28.0.jar;C:\Users\Admin\.m2\repository\io\opentelemetry\opentelemetry-sdk-extension-autoconfigure\1.28.0\opentelemetry-sdk-extension-autoconfigure-1.28.0.jar;C:\Users\Admin\.m2\repository\io\opentelemetry\opentelemetry-api-events\1.28.0-alpha\opentelemetry-api-events-1.28.0-alpha.jar;C:\Users\Admin\.m2\repository\io\opentelemetry\opentelemetry-sdk-trace\1.28.0\opentelemetry-sdk-trace-1.28.0.jar;C:\Users\Admin\.m2\repository\io\opentelemetry\opentelemetry-sdk\1.28.0\opentelemetry-sdk-1.28.0.jar;C:\Users\Admin\.m2\repository\io\opentelemetry\opentelemetry-semconv\1.28.0-alpha\opentelemetry-semconv-1.28.0-alpha.jar;C:\Users\Admin\.m2\repository\org\asynchttpclient\async-http-client\2.12.3\async-http-client-2.12.3.jar;C:\Users\Admin\.m2\repository\org\asynchttpclient\async-http-client-netty-utils\2.12.3\async-http-client-netty-utils-2.12.3.jar;C:\Users\Admin\.m2\repository\io\netty\netty-codec-socks\4.1.60.Final\netty-codec-socks-4.1.60.Final.jar;C:\Users\Admin\.m2\repository\io\netty\netty-handler-proxy\4.1.60.Final\netty-handler-proxy-4.1.60.Final.jar;C:\Users\Admin\.m2\repository\io\netty\netty-transport-native-epoll\4.1.60.Final\netty-transport-native-epoll-4.1.60.Final-linux-x86_64.jar;C:\Users\Admin\.m2\repository\io\netty\netty-transport-native-kqueue\4.1.60.Final\netty-transport-native-kqueue-4.1.60.Final-osx-x86_64.jar;C:\Users\Admin\.m2\repository\org\reactivestreams\reactive-streams\1.0.3\reactive-streams-1.0.3.jar;C:\Users\Admin\.m2\repository\com\typesafe\netty\netty-reactive-streams\2.0.4\netty-reactive-streams-2.0.4.jar;C:\Users\Admin\.m2\repository\com\sun\activation\jakarta.activation\1.2.2\jakarta.activation-1.2.2.jar;C:\Users\Admin\.m2\repository\org\seleniumhq\selenium\selenium-os\4.13.0\selenium-os-4.13.0.jar;C:\Users\Admin\.m2\repository\org\seleniumhq\selenium\selenium-safari-driver\4.13.0\selenium-safari-driver-4.13.0.jar;C:\Users\Admin\.m2\repository\org\seleniumhq\selenium\selenium-support\4.13.0\selenium-support-4.13.0.jar;C:\Users\Admin\.m2\repository\org\testng\testng\7.7.1\testng-7.7.1.jar;C:\Users\Admin\.m2\repository\org\slf4j\slf4j-api\1.7.36\slf4j-api-1.7.36.jar;C:\Users\Admin\.m2\repository\com\beust\jcommander\1.82\jcommander-1.82.jar;C:\Users\Admin\.m2\repository\org\webjars\jquery\3.6.1\jquery-3.6.1.jar;C:\Users\Admin\.m2\repository\org\uncommons\reportng\1.1.4\reportng-1.1.4.jar;C:\Users\Admin\.m2\repository\velocity\velocity\1.4\velocity-1.4.jar;C:\Users\Admin\.m2\repository\velocity\velocity-dep\1.4\velocity-dep-1.4.jar;C:\Users\Admin\.m2\repository\org\apache\velocity\velocity\1.7\velocity-1.7.jar;C:\Users\Admin\.m2\repository\commons-collections\commons-collections\3.2.1\commons-collections-3.2.1.jar;C:\Users\Admin\.m2\repository\commons-lang\commons-lang\2.4\commons-lang-2.4.jar;C:\Users\Admin\.m2\repository\com\google\inject\guice\7.0.0\guice-7.0.0.jar;C:\Users\Admin\.m2\repository\jakarta\inject\jakarta.inject-api\2.0.1\jakarta.inject-api-2.0.1.jar;C:\Users\Admin\.m2\repository\aopalliance\aopalliance\1.0\aopalliance-1.0.jar;C:\Users\Admin\.m2\repository\com\google\guava\guava\31.0.1-jre\guava-31.0.1-jre.jar;C:\Users\Admin\.m2\repository\com\google\guava\failureaccess\1.0.1\failureaccess-1.0.1.jar;C:\Users\Admin\.m2\repository\com\google\guava\listenablefuture\9999.0-empty-to-avoid-conflict-with-guava\listenablefuture-9999.0-empty-to-avoid-conflict-with-guava.jar;C:\Users\Admin\.m2\repository\com\google\code\findbugs\jsr305\3.0.2\jsr305-3.0.2.jar;C:\Users\Admin\.m2\repository\org\checkerframework\checker-qual\3.12.0\checker-qual-3.12.0.jar;C:\Users\Admin\.m2\repository\com\google\errorprone\error_prone_annotations\2.7.1\error_prone_annotations-2.7.1.jar;C:\Users\Admin\.m2\repository\com\google\j2objc\j2objc-annotations\1.3\j2objc-annotations-1.3.jar;C:\Users\Admin\.m2\repository\org\apache\maven\maven-project\2.2.1\maven-project-2.2.1.jar;C:\Users\Admin\.m2\repository\org\apache\maven\maven-settings\2.2.1\maven-settings-2.2.1.jar;C:\Users\Admin\.m2\repository\org\apache\maven\maven-profile\2.2.1\maven-profile-2.2.1.jar;C:\Users\Admin\.m2\repository\org\apache\maven\maven-model\2.2.1\maven-model-2.2.1.jar;C:\Users\Admin\.m2\repository\org\apache\maven\maven-artifact-manager\2.2.1\maven-artifact-manager-2.2.1.jar;C:\Users\Admin\.m2\repository\org\apache\maven\maven-repository-metadata\2.2.1\maven-repository-metadata-2.2.1.jar;C:\Users\Admin\.m2\repository\org\apache\maven\wagon\wagon-provider-api\1.0-beta-6\wagon-provider-api-1.0-beta-6.jar;C:\Users\Admin\.m2\repository\backport-util-concurrent\backport-util-concurrent\3.1\backport-util-concurrent-3.1.jar;C:\Users\Admin\.m2\repository\org\apache\maven\maven-plugin-registry\2.2.1\maven-plugin-registry-2.2.1.jar;C:\Users\Admin\.m2\repository\org\codehaus\plexus\plexus-interpolation\1.11\plexus-interpolation-1.11.jar;C:\Users\Admin\.m2\repository\org\codehaus\plexus\plexus-utils\1.5.15\plexus-utils-1.5.15.jar;C:\Users\Admin\.m2\repository\org\apache\maven\maven-artifact\2.2.1\maven-artifact-2.2.1.jar;C:\Users\Admin\.m2\repository\org\codehaus\plexus\plexus-container-default\1.0-alpha-9-stable-1\plexus-container-default-1.0-alpha-9-stable-1.jar;C:\Users\Admin\.m2\repository\junit\junit\3.8.1\junit-3.8.1.jar;C:\Users\Admin\.m2\repository\classworlds\classworlds\1.1-alpha-2\classworlds-1.1-alpha-2.jar;C:\Users\Admin\.m2\repository\org\seleniumhq\selenium\selenium-opera-driver\3.141.59\selenium-opera-driver-3.141.59.jar;C:\Users\Admin\.m2\repository\net\bytebuddy\byte-buddy\1.8.15\byte-buddy-1.8.15.jar;C:\Users\Admin\.m2\repository\org\apache\commons\commons-exec\1.3\commons-exec-1.3.jar;C:\Users\Admin\.m2\repository\com\squareup\okhttp3\okhttp\3.11.0\okhttp-3.11.0.jar;C:\Users\Admin\.m2\repository\com\squareup\okio\okio\1.14.0\okio-1.14.0.jar;"/>
    <property name="sun.cpu.endian" value="little"/>
    <property name="user.home" value="C:\Users\Admin"/>
    <property name="user.language" value="en"/>
    <property name="java.specification.vendor" value="Oracle Corporation"/>
    <property name="java.version.date" value="2023-10-17"/>
    <property name="java.home" value="C:\Program Files\Java\jdk-21"/>
    <property name="file.separator" value="\"/>
    <property name="basedir" value="D:\QA\MyProjestsNew\com.google"/>
    <property name="java.vm.compressedOopsMode" value="Zero based"/>
    <property name="webdriver.msedge.driver" value="src/test/resources/msedgedriver.exe"/>
    <property name="line.separator" value="&#10;"/>
    <property name="java.vm.specification.vendor" value="Oracle Corporation"/>
    <property name="java.specification.name" value="Java Platform API Specification"/>
    <property name="surefire.real.class.path" value="C:\Users\Admin\AppData\Local\Temp\surefire10047865909509914641\surefirebooter-20231227201440054_3.jar"/>
    <property name="user.script" value=""/>
    <property name="sun.management.compiler" value="HotSpot 64-Bit Tiered Compilers"/>
    <property name="java.runtime.version" value="21.0.1+12-LTS-29"/>
    <property name="user.name" value="Admin"/>
    <property name="stdout.encoding" value="Cp1251"/>
    <property name="path.separator" value=";"/>
    <property name="os.version" value="10.0"/>
    <property name="java.runtime.name" value="Java(TM) SE Runtime Environment"/>
    <property name="file.encoding" value="UTF-8"/>
    <property name="java.vm.name" value="Java HotSpot(TM) 64-Bit Server VM"/>
    <property name="localRepository" value="C:\Users\Admin\.m2\repository"/>
    <property name="java.vendor.url.bug" value="https://bugreport.java.com/bugreport/"/>
    <property name="java.io.tmpdir" value="C:\Users\Admin\AppData\Local\Temp\"/>
    <property name="idea.version" value="2023.3.2"/>
    <property name="java.version" value="21.0.1"/>
    <property name="user.dir" value="D:\QA\MyProjestsNew\com.google"/>
    <property name="os.arch" value="amd64"/>
    <property name="webdriver.gecko.driver" value="src/test/resources/geckodriver.exe"/>
    <property name="java.vm.specification.name" value="Java Virtual Machine Specification"/>
    <property name="sun.os.patch.level" value=""/>
    <property name="native.encoding" value="Cp1251"/>
    <property name="java.library.path" value="C:\Program Files\Java\jdk-21\bin;C:\Windows\Sun\Java\bin;C:\Windows\system32;C:\Windows;C:\Program Files (x86)\VMware\VMware Workstation\bin\;C:\Program Files\Common Files\Oracle\Java\javapath;C:\Program Files (x86)\Common Files\Oracle\Java\javapath;C:\Windows\system32;C:\Windows;C:\Windows\System32\Wbem;C:\Windows\System32\WindowsPowerShell\v1.0\;C:\Windows\System32\OpenSSH\;C:\Program Files\dotnet\;C:\Program Files\Git\cmd;C:\Program Files\Docker\Docker\resources\bin;C:\Program Files\Java\jdk-21\bin;C:\Users\Admin\scoop\shims;C:\Users\Admin\AppData\Local\Microsoft\WindowsApps;C:\Users\Admin\AppData\Local\JetBrains\Toolbox\scripts;."/>
    <property name="java.vm.info" value="mixed mode, sharing"/>
    <property name="stderr.encoding" value="Cp1251"/>
    <property name="java.vendor" value="Oracle Corporation"/>
    <property name="java.vm.version" value="21.0.1+12-LTS-29"/>
    <property name="sun.io.unicode.encoding" value="UnicodeLittle"/>
    <property name="java.class.version" value="65.0"/>
  </properties>
  <testcase name="searchResultsClickingSearchButtonUnderSearchField" classname="com.google.tests.N_0001_SearchResultsClickingSearchButtonUnderSearchFieldTest" time="2.672">
    <system-out><![CDATA[Before navigating to: 'https://www.google.com/'
Navigated to:'https://www.google.com/'
Trying to find Element By : By.name: q
Found Element By : By.name: q
Trying to find Element By : By.name: q
Found Element By : By.name: q
Change value: [[ChromeDriver: chrome on windows (8317a3eaafee20ce6ac288d96636d8e4)] -> name: q]
Changed element: [[ChromeDriver: chrome on windows (8317a3eaafee20ce6ac288d96636d8e4)] -> name: q]
Trying to find Element By : By.id: Alh6id
Found Element By : By.id: Alh6id
Trying to find Element By : By.id: Alh6id
Found Element By : By.id: Alh6id
Trying to find Element By : By.name: q
Found Element By : By.name: q
Trying to find Element By : By.name: q
Found Element By : By.name: q
Change value: [[ChromeDriver: chrome on windows (8317a3eaafee20ce6ac288d96636d8e4)] -> name: q]
Changed element: [[ChromeDriver: chrome on windows (8317a3eaafee20ce6ac288d96636d8e4)] -> name: q]
Trying to find Element By : By.cssSelector: center:nth-child(1) > input:nth-child(1)
Found Element By : By.cssSelector: center:nth-child(1) > input:nth-child(1)
Trying to find Element By : By.cssSelector: center:nth-child(1) > input:nth-child(1)
Found Element By : By.cssSelector: center:nth-child(1) > input:nth-child(1)
Trying to click on: [[ChromeDriver: chrome on windows (8317a3eaafee20ce6ac288d96636d8e4)] -> css selector: center:nth-child(1) > input:nth-child(1)]
Before navigating to: 'https://www.google.com/'
Clicked on: [[ChromeDriver: chrome on windows (8317a3eaafee20ce6ac288d96636d8e4)] -> css selector: center:nth-child(1) > input:nth-child(1)]
Trying to find Element By : By.cssSelector: div.MjjYud
Before navigating to: 'https://www.google.com/'
Navigated to:'https://www.google.com/'
Trying to find Element By : By.name: q
Found Element By : By.name: q
Trying to find Element By : By.name: q
Found Element By : By.name: q
Change value: [[EdgeDriver: MicrosoftEdge on windows (7e26df9020191a22a5aa33e6609683bd)] -> name: q]
Changed element: [[EdgeDriver: MicrosoftEdge on windows (7e26df9020191a22a5aa33e6609683bd)] -> name: q]
Trying to find Element By : By.id: Alh6id
Found Element By : By.id: Alh6id
Trying to find Element By : By.id: Alh6id
Found Element By : By.id: Alh6id
Trying to find Element By : By.name: q
Found Element By : By.name: q
Trying to find Element By : By.name: q
Found Element By : By.name: q
Change value: [[EdgeDriver: MicrosoftEdge on windows (7e26df9020191a22a5aa33e6609683bd)] -> name: q]
Changed element: [[EdgeDriver: MicrosoftEdge on windows (7e26df9020191a22a5aa33e6609683bd)] -> name: q]
Trying to find Element By : By.cssSelector: center:nth-child(1) > input:nth-child(1)
Found Element By : By.cssSelector: center:nth-child(1) > input:nth-child(1)
Navigated to:'https://www.google.com/'
Trying to find Element By : By.name: q
Trying to find Element By : By.cssSelector: center:nth-child(1) > input:nth-child(1)
Found Element By : By.cssSelector: center:nth-child(1) > input:nth-child(1)
Trying to click on: [[EdgeDriver: MicrosoftEdge on windows (7e26df9020191a22a5aa33e6609683bd)] -> css selector: center:nth-child(1) > input:nth-child(1)]
Found Element By : By.name: q
Trying to find Element By : By.name: q
Found Element By : By.name: q
Change value: [[FirefoxDriver: firefox on windows (44216973-16a7-4107-8adc-9086a24a31ec)] -> name: q]
Changed element: [[FirefoxDriver: firefox on windows (44216973-16a7-4107-8adc-9086a24a31ec)] -> name: q]
Trying to find Element By : By.id: Alh6id
Found Element By : By.id: Alh6id
Clicked on: [[EdgeDriver: MicrosoftEdge on windows (7e26df9020191a22a5aa33e6609683bd)] -> css selector: center:nth-child(1) > input:nth-child(1)]
Trying to find Element By : By.cssSelector: div.MjjYud
Trying to find Element By : By.id: Alh6id
Found Element By : By.id: Alh6id
Trying to find Element By : By.name: q
Found Element By : By.name: q
Trying to find Element By : By.name: q
Found Element By : By.name: q
Change value: [[FirefoxDriver: firefox on windows (44216973-16a7-4107-8adc-9086a24a31ec)] -> name: q]
Changed element: [[FirefoxDriver: firefox on windows (44216973-16a7-4107-8adc-9086a24a31ec)] -> name: q]
Trying to find Element By : By.cssSelector: center:nth-child(1) > input:nth-child(1)
Found Element By : By.cssSelector: center:nth-child(1) > input:nth-child(1)
Trying to find Element By : By.cssSelector: center:nth-child(1) > input:nth-child(1)
Found Element By : By.cssSelector: center:nth-child(1) > input:nth-child(1)
Trying to click on: [[FirefoxDriver: firefox on windows (44216973-16a7-4107-8adc-9086a24a31ec)] -> css selector: center:nth-child(1) > input:nth-child(1)]
Found Element By : By.cssSelector: div.MjjYud
Trying to find Element By : By.name: q
Found Element By : By.name: q
Trying to find Element By : By.name: q
Found Element By : By.name: q
]]></system-out>
    <system-err><![CDATA[SLF4J: Failed to load class "org.slf4j.impl.StaticLoggerBinder".
SLF4J: Defaulting to no-operation (NOP) logger implementation
SLF4J: See http://www.slf4j.org/codes.html#StaticLoggerBinder for further details.
Dec 27, 2023 8:14:43 PM org.openqa.selenium.devtools.CdpVersionFinder findNearestMatch
WARNING: Unable to find an exact match for CDP version 120, so returning the closest version found: 117
Dec 27, 2023 8:14:45 PM org.openqa.selenium.devtools.CdpVersionFinder findNearestMatch
WARNING: Unable to find an exact match for CDP version 120, so returning the closest version found: 117
]]></system-err>
  </testcase>
  <testcase name="searchResultsClickingSearchButtonUnderSearchField" classname="com.google.tests.N_0001_SearchResultsClickingSearchButtonUnderSearchFieldTest" time="4.243">
    <system-out><![CDATA[Clicked on: [[FirefoxDriver: firefox on windows (44216973-16a7-4107-8adc-9086a24a31ec)] -> css selector: center:nth-child(1) > input:nth-child(1)]
Trying to find Element By : By.cssSelector: div.MjjYud
Found Element By : By.cssSelector: div.MjjYud
Trying to find Element By : By.name: q
Found Element By : By.cssSelector: div.MjjYud
Trying to find Element By : By.name: q
Found Element By : By.name: q
Trying to find Element By : By.name: q
Found Element By : By.name: q
Trying to find Element By : By.name: q
Found Element By : By.name: q
Found Element By : By.name: q
]]></system-out>
    <system-err><![CDATA[Dec 27, 2023 8:14:50 PM org.openqa.selenium.devtools.CdpVersionFinder findNearestMatch
WARNING: Unable to find an exact match for CDP version 120, so returning the closest version found: 117
]]></system-err>
  </testcase>
  <testcase name="searchResultsClickingSearchButtonUnderSearchField" classname="com.google.tests.N_0001_SearchResultsClickingSearchButtonUnderSearchFieldTest" time="4.309"/>
  <testcase name="searchResultsClickingSearchButtonOnDropDownMenu" classname="com.google.tests.N_0002_SearchResultsClickingSearchButtonOnDropDownMenuTest" time="2.461">
    <system-out><![CDATA[Before navigating to: 'https://www.google.com/'
Navigated to:'https://www.google.com/'
Trying to find Element By : By.name: q
Found Element By : By.name: q
Trying to find Element By : By.name: q
Found Element By : By.name: q
Change value: [[ChromeDriver: chrome on windows (d6a9d94b550892574b067bb718c7f396)] -> name: q]
Changed element: [[ChromeDriver: chrome on windows (d6a9d94b550892574b067bb718c7f396)] -> name: q]
Trying to find Element By : By.id: Alh6id
Found Element By : By.id: Alh6id
Trying to find Element By : By.cssSelector: center:nth-child(2) > input:nth-child(1)
Found Element By : By.cssSelector: center:nth-child(2) > input:nth-child(1)
Trying to find Element By : By.cssSelector: center:nth-child(2) > input:nth-child(1)
Found Element By : By.cssSelector: center:nth-child(2) > input:nth-child(1)
Trying to click on: [[ChromeDriver: chrome on windows (d6a9d94b550892574b067bb718c7f396)] -> css selector: center:nth-child(2) > input:nth-child(1)]
Clicked on: [[ChromeDriver: chrome on windows (d6a9d94b550892574b067bb718c7f396)] -> css selector: center:nth-child(2) > input:nth-child(1)]
Trying to find Element By : By.cssSelector: div.MjjYud
Before navigating to: 'https://www.google.com/'
Navigated to:'https://www.google.com/'
Trying to find Element By : By.name: q
Found Element By : By.name: q
Trying to find Element By : By.name: q
Found Element By : By.name: q
Change value: [[EdgeDriver: MicrosoftEdge on windows (839c1559bde31e892693f60b4cc75915)] -> name: q]
Changed element: [[EdgeDriver: MicrosoftEdge on windows (839c1559bde31e892693f60b4cc75915)] -> name: q]
Trying to find Element By : By.id: Alh6id
Found Element By : By.id: Alh6id
Trying to find Element By : By.cssSelector: center:nth-child(2) > input:nth-child(1)
Found Element By : By.cssSelector: center:nth-child(2) > input:nth-child(1)
Trying to find Element By : By.cssSelector: center:nth-child(2) > input:nth-child(1)
Found Element By : By.cssSelector: center:nth-child(2) > input:nth-child(1)
Trying to click on: [[EdgeDriver: MicrosoftEdge on windows (839c1559bde31e892693f60b4cc75915)] -> css selector: center:nth-child(2) > input:nth-child(1)]
Clicked on: [[EdgeDriver: MicrosoftEdge on windows (839c1559bde31e892693f60b4cc75915)] -> css selector: center:nth-child(2) > input:nth-child(1)]
Trying to find Element By : By.cssSelector: div.MjjYud
Found Element By : By.cssSelector: div.MjjYud
Trying to find Element By : By.name: q
Found Element By : By.name: q
Trying to find Element By : By.name: q
Found Element By : By.name: q
]]></system-out>
    <system-err><![CDATA[Dec 27, 2023 8:14:52 PM org.openqa.selenium.devtools.CdpVersionFinder findNearestMatch
WARNING: Unable to find an exact match for CDP version 120, so returning the closest version found: 117
]]></system-err>
  </testcase>
  <testcase name="searchResultsClickingSearchButtonOnDropDownMenu" classname="com.google.tests.N_0002_SearchResultsClickingSearchButtonOnDropDownMenuTest" time="2.011">
    <system-out><![CDATA[Before navigating to: 'https://www.google.com/'
Before navigating to: 'https://www.google.com/'
Navigated to:'https://www.google.com/'
Trying to find Element By : By.name: q
Found Element By : By.name: q
Trying to find Element By : By.name: q
Found Element By : By.name: q
Change value: [[ChromeDriver: chrome on windows (242207e25a601df97a49278ff83407a4)] -> name: q]
Changed element: [[ChromeDriver: chrome on windows (242207e25a601df97a49278ff83407a4)] -> name: q]
Trying to find Element By : By.id: Alh6id
Found Element By : By.id: Alh6id
Trying to find Element By : By.name: q
Found Element By : By.name: q
Trying to find Element By : By.name: q
Found Element By : By.name: q
Change value: [[ChromeDriver: chrome on windows (242207e25a601df97a49278ff83407a4)] -> name: q]
Changed element: [[ChromeDriver: chrome on windows (242207e25a601df97a49278ff83407a4)] -> name: q]
Navigated to:'https://www.google.com/'
Trying to find Element By : By.name: q
Found Element By : By.name: q
Trying to find Element By : By.name: q
Found Element By : By.name: q
Change value: [[FirefoxDriver: firefox on windows (df07c15a-fef1-4b5d-b555-7ab34173af58)] -> name: q]
Changed element: [[FirefoxDriver: firefox on windows (df07c15a-fef1-4b5d-b555-7ab34173af58)] -> name: q]
Trying to find Element By : By.id: Alh6id
Found Element By : By.id: Alh6id
Trying to find Element By : By.cssSelector: div.MjjYud
Found Element By : By.cssSelector: div.MjjYud
Trying to find Element By : By.name: q
Found Element By : By.name: q
Trying to find Element By : By.name: q
Found Element By : By.name: q
Trying to find Element By : By.id: Alh6id
Found Element By : By.id: Alh6id
Trying to find Element By : By.cssSelector: center:nth-child(2) > input:nth-child(1)
Found Element By : By.cssSelector: center:nth-child(2) > input:nth-child(1)
]]></system-out>
    <system-err><![CDATA[Dec 27, 2023 8:14:56 PM org.openqa.selenium.devtools.CdpVersionFinder findNearestMatch
WARNING: Unable to find an exact match for CDP version 120, so returning the closest version found: 117
]]></system-err>
  </testcase>
  <testcase name="searchResultsClickingSearchButtonOnDropDownMenu" classname="com.google.tests.N_0002_SearchResultsClickingSearchButtonOnDropDownMenuTest" time="4.366">
    <system-out><![CDATA[Trying to find Element By : By.cssSelector: center:nth-child(2) > input:nth-child(1)
Found Element By : By.cssSelector: center:nth-child(2) > input:nth-child(1)
Trying to click on: [[FirefoxDriver: firefox on windows (df07c15a-fef1-4b5d-b555-7ab34173af58)] -> css selector: center:nth-child(2) > input:nth-child(1)]
Clicked on: [[FirefoxDriver: firefox on windows (df07c15a-fef1-4b5d-b555-7ab34173af58)] -> css selector: center:nth-child(2) > input:nth-child(1)]
Trying to find Element By : By.cssSelector: div.MjjYud
Found Element By : By.cssSelector: div.MjjYud
Trying to find Element By : By.name: q
Found Element By : By.name: q
Trying to find Element By : By.name: q
Found Element By : By.name: q
]]></system-out>
  </testcase>
  <testcase name="searchResultsClickingEnterButton" classname="com.google.tests.N_0003_SearchResultsClickingEnterButtonTest" time="5.319">
    <system-out><![CDATA[Found Element By : By.cssSelector: div.MjjYud
Trying to find Element By : By.name: q
Found Element By : By.name: q
Trying to find Element By : By.name: q
Found Element By : By.name: q
]]></system-out>
    <system-err><![CDATA[Dec 27, 2023 8:15:02 PM org.openqa.selenium.devtools.CdpVersionFinder findNearestMatch
WARNING: Unable to find an exact match for CDP version 120, so returning the closest version found: 117
]]></system-err>
  </testcase>
  <testcase name="searchResultsClickingEnterButton" classname="com.google.tests.N_0003_SearchResultsClickingEnterButtonTest" time="0.932">
    <system-out><![CDATA[Changed element: [[EdgeDriver: MicrosoftEdge on windows (b2c04da54895e101cd8b7ca3797641d4)] -> name: q]
Trying to find Element By : By.id: Alh6id
Found Element By : By.id: Alh6id
Trying to find Element By : By.name: q
Found Element By : By.name: q
Trying to find Element By : By.name: q
Found Element By : By.name: q
Change value: [[EdgeDriver: MicrosoftEdge on windows (b2c04da54895e101cd8b7ca3797641d4)] -> name: q]
Changed element: [[EdgeDriver: MicrosoftEdge on windows (b2c04da54895e101cd8b7ca3797641d4)] -> name: q]
Before navigating to: 'https://www.google.com/'
Trying to find Element By : By.cssSelector: div.MjjYud
Navigated to:'https://www.google.com/'
Trying to find Element By : By.name: q
Found Element By : By.name: q
Trying to find Element By : By.name: q
Found Element By : By.name: q
Change value: [[ChromeDriver: chrome on windows (c8afc2ee916e6f8ff25f2e109a7a9bb3)] -> name: q]
Changed element: [[ChromeDriver: chrome on windows (c8afc2ee916e6f8ff25f2e109a7a9bb3)] -> name: q]
Trying to find Element By : By.id: Alh6id
Found Element By : By.id: Alh6id
Trying to find Element By : By.name: q
Found Element By : By.name: q
Trying to find Element By : By.name: q
Found Element By : By.name: q
Change value: [[ChromeDriver: chrome on windows (c8afc2ee916e6f8ff25f2e109a7a9bb3)] -> name: q]
Changed element: [[ChromeDriver: chrome on windows (c8afc2ee916e6f8ff25f2e109a7a9bb3)] -> name: q]
Before navigating to: 'https://www.google.com/'
Found Element By : By.cssSelector: div.MjjYud
Trying to find Element By : By.name: q
Trying to find Element By : By.cssSelector: div.MjjYud
Found Element By : By.name: q
Trying to find Element By : By.name: q
Found Element By : By.name: q
Navigated to:'https://www.google.com/'
Trying to find Element By : By.name: q
Found Element By : By.name: q
]]></system-out>
    <system-err><![CDATA[Dec 27, 2023 8:15:05 PM org.openqa.selenium.devtools.CdpVersionFinder findNearestMatch
WARNING: Unable to find an exact match for CDP version 120, so returning the closest version found: 117
]]></system-err>
  </testcase>
  <testcase name="searchResultsClickingEnterButton" classname="com.google.tests.N_0003_SearchResultsClickingEnterButtonTest" time="2.83">
    <system-out><![CDATA[Trying to find Element By : By.name: q
Found Element By : By.name: q
Change value: [[FirefoxDriver: firefox on windows (c0befe81-b9f0-4aac-8778-302d951b5dab)] -> name: q]
Changed element: [[FirefoxDriver: firefox on windows (c0befe81-b9f0-4aac-8778-302d951b5dab)] -> name: q]
Trying to find Element By : By.id: Alh6id
Found Element By : By.id: Alh6id
Trying to find Element By : By.id: Alh6id
Found Element By : By.id: Alh6id
Trying to find Element By : By.name: q
Found Element By : By.name: q
Trying to find Element By : By.name: q
Found Element By : By.name: q
Change value: [[FirefoxDriver: firefox on windows (c0befe81-b9f0-4aac-8778-302d951b5dab)] -> name: q]
Changed element: [[FirefoxDriver: firefox on windows (c0befe81-b9f0-4aac-8778-302d951b5dab)] -> name: q]
Trying to find Element By : By.cssSelector: div.MjjYud
Found Element By : By.cssSelector: div.MjjYud
Trying to find Element By : By.name: q
Found Element By : By.name: q
Trying to find Element By : By.name: q
Found Element By : By.name: q
]]></system-out>
  </testcase>
  <testcase name="clickSearchButtonWhenSearchFieldIsEmpty" classname="com.google.tests.N_0004_ClickSearchButtonWhenSearchFieldIsEmptyTest" time="0.949">
    <system-out><![CDATA[Before navigating to: 'https://www.google.com/'
Before navigating to: 'https://www.google.com/'
Navigated to:'https://www.google.com/'
Navigated to:'https://www.google.com/'
Trying to find Element By : By.name: q
Trying to find Element By : By.cssSelector: center:nth-child(1) > input:nth-child(1)
Found Element By : By.name: q
Found Element By : By.cssSelector: center:nth-child(1) > input:nth-child(1)
Trying to find Element By : By.name: q
Trying to find Element By : By.cssSelector: center:nth-child(1) > input:nth-child(1)
Found Element By : By.name: q
Found Element By : By.cssSelector: center:nth-child(1) > input:nth-child(1)
Trying to click on: [[ChromeDriver: chrome on windows (7fcad11e3bceec28b1f822cbf0edc88a)] -> css selector: center:nth-child(1) > input:nth-child(1)]
Change value: [[EdgeDriver: MicrosoftEdge on windows (b2c04da54895e101cd8b7ca3797641d4)] -> name: q]
Clicked on: [[ChromeDriver: chrome on windows (7fcad11e3bceec28b1f822cbf0edc88a)] -> css selector: center:nth-child(1) > input:nth-child(1)]
Trying to find Element By : By.linkText: Gmail
Found Element By : By.linkText: Gmail
]]></system-out>
    <system-err><![CDATA[Dec 27, 2023 8:15:03 PM org.openqa.selenium.devtools.CdpVersionFinder findNearestMatch
WARNING: Unable to find an exact match for CDP version 120, so returning the closest version found: 117
]]></system-err>
  </testcase>
  <testcase name="clickSearchButtonWhenSearchFieldIsEmpty" classname="com.google.tests.N_0004_ClickSearchButtonWhenSearchFieldIsEmptyTest" time="1.011">
    <system-out><![CDATA[Before navigating to: 'https://www.google.com/'
Navigated to:'https://www.google.com/'
Trying to find Element By : By.cssSelector: center:nth-child(1) > input:nth-child(1)
Found Element By : By.cssSelector: center:nth-child(1) > input:nth-child(1)
Trying to find Element By : By.cssSelector: center:nth-child(1) > input:nth-child(1)
Found Element By : By.cssSelector: center:nth-child(1) > input:nth-child(1)
Trying to click on: [[EdgeDriver: MicrosoftEdge on windows (bd52b0553bd878b55aed07069e112243)] -> css selector: center:nth-child(1) > input:nth-child(1)]
Found Element By : By.cssSelector: div.MjjYud
Trying to find Element By : By.name: q
Clicked on: [[EdgeDriver: MicrosoftEdge on windows (bd52b0553bd878b55aed07069e112243)] -> css selector: center:nth-child(1) > input:nth-child(1)]
Trying to find Element By : By.linkText: Gmail
Found Element By : By.name: q
Trying to find Element By : By.name: q
Found Element By : By.name: q
Found Element By : By.linkText: Gmail
]]></system-out>
    <system-err><![CDATA[Dec 27, 2023 8:15:10 PM org.openqa.selenium.devtools.CdpVersionFinder findNearestMatch
WARNING: Unable to find an exact match for CDP version 120, so returning the closest version found: 117
]]></system-err>
  </testcase>
  <testcase name="clickSearchButtonWhenSearchFieldIsEmpty" classname="com.google.tests.N_0004_ClickSearchButtonWhenSearchFieldIsEmptyTest" time="1.254">
    <system-out><![CDATA[Before navigating to: 'https://www.google.com/'
Navigated to:'https://www.google.com/'
Trying to find Element By : By.name: q
Found Element By : By.name: q
Trying to find Element By : By.name: q
Found Element By : By.name: q
Change value: [[EdgeDriver: MicrosoftEdge on windows (b071a5dac429f8983805ec1af517a75b)] -> name: q]
Before navigating to: 'https://www.google.com/'
Changed element: [[EdgeDriver: MicrosoftEdge on windows (b071a5dac429f8983805ec1af517a75b)] -> name: q]
Trying to find Element By : By.id: Alh6id
Found Element By : By.id: Alh6id
Trying to find Element By : By.name: q
Found Element By : By.name: q
Trying to find Element By : By.name: q
Found Element By : By.name: q
Change value: [[EdgeDriver: MicrosoftEdge on windows (b071a5dac429f8983805ec1af517a75b)] -> name: q]
Changed element: [[EdgeDriver: MicrosoftEdge on windows (b071a5dac429f8983805ec1af517a75b)] -> name: q]
Navigated to:'https://www.google.com/'
Trying to find Element By : By.cssSelector: center:nth-child(1) > input:nth-child(1)
Found Element By : By.cssSelector: center:nth-child(1) > input:nth-child(1)
Trying to find Element By : By.cssSelector: center:nth-child(1) > input:nth-child(1)
Found Element By : By.cssSelector: center:nth-child(1) > input:nth-child(1)
Trying to click on: [[FirefoxDriver: firefox on windows (0ac0469f-9475-4ce1-be52-c57f49900dd7)] -> css selector: center:nth-child(1) > input:nth-child(1)]
Clicked on: [[FirefoxDriver: firefox on windows (0ac0469f-9475-4ce1-be52-c57f49900dd7)] -> css selector: center:nth-child(1) > input:nth-child(1)]
Trying to find Element By : By.linkText: Gmail
Found Element By : By.linkText: Gmail
]]></system-out>
    <system-err><![CDATA[Dec 27, 2023 8:15:13 PM org.openqa.selenium.devtools.CdpVersionFinder findNearestMatch
WARNING: Unable to find an exact match for CDP version 120, so returning the closest version found: 117
]]></system-err>
  </testcase>
  <testcase name="countSearchResult" classname="com.google.tests.N_0005_CountSearchResultTest" time="190.899">
    <failure message="expected [143] but found [141]" type="java.lang.AssertionError"><![CDATA[java.lang.AssertionError: expected [143] but found [141]
	at org.testng.Assert.fail(Assert.java:110)
	at org.testng.Assert.failNotEquals(Assert.java:1577)
	at org.testng.Assert.assertEqualsImpl(Assert.java:149)
	at org.testng.Assert.assertEquals(Assert.java:131)
	at org.testng.Assert.assertEquals(Assert.java:1418)
	at org.testng.Assert.assertEquals(Assert.java:1382)
	at org.testng.Assert.assertEquals(Assert.java:1428)
	at com.google.actionHelpers.CountSearchResult.countAndEqualsSearchResults(CountSearchResult.java:26)
	at com.google.tests.N_0005_CountSearchResultTest.countSearchResult(N_0005_CountSearchResultTest.java:17)
	at java.base/jdk.internal.reflect.DirectMethodHandleAccessor.invoke(DirectMethodHandleAccessor.java:103)
	at java.base/java.lang.reflect.Method.invoke(Method.java:580)
	at org.testng.internal.invokers.MethodInvocationHelper.invokeMethod(MethodInvocationHelper.java:139)
	at org.testng.internal.invokers.TestInvoker.invokeMethod(TestInvoker.java:677)
	at org.testng.internal.invokers.TestInvoker.invokeTestMethod(TestInvoker.java:221)
	at org.testng.internal.invokers.MethodRunner.runInSequence(MethodRunner.java:50)
	at org.testng.internal.invokers.TestInvoker$MethodInvocationAgent.invoke(TestInvoker.java:969)
	at org.testng.internal.invokers.TestInvoker.invokeTestMethods(TestInvoker.java:194)
	at org.testng.internal.invokers.TestMethodWorker.invokeTestMethods(TestMethodWorker.java:148)
	at org.testng.internal.invokers.TestMethodWorker.run(TestMethodWorker.java:128)
	at java.base/java.util.ArrayList.forEach(ArrayList.java:1596)
	at org.testng.TestRunner.privateRun(TestRunner.java:829)
	at org.testng.TestRunner.run(TestRunner.java:602)
	at org.testng.SuiteRunner.runTest(SuiteRunner.java:437)
	at org.testng.SuiteRunner$SuiteWorker.run(SuiteRunner.java:475)
	at org.testng.internal.thread.ThreadUtil.lambda$execute$0(ThreadUtil.java:58)
	at java.base/java.util.concurrent.FutureTask.run(FutureTask.java:317)
	at java.base/java.util.concurrent.ThreadPoolExecutor.runWorker(ThreadPoolExecutor.java:1144)
	at java.base/java.util.concurrent.ThreadPoolExecutor$Worker.run(ThreadPoolExecutor.java:642)
	at java.base/java.lang.Thread.run(Thread.java:1583)
]]></failure>
    <system-out><![CDATA[Trying to find Element By : By.cssSelector: div.MjjYud
Found Element By : By.cssSelector: div.MjjYud
Trying to find Element By : By.name: q
Found Element By : By.name: q
Trying to find Element By : By.name: q
Found Element By : By.name: q
Before navigating to: 'https://www.google.com/'
Navigated to:'https://www.google.com/'
Trying to find Element By : By.name: q
Found Element By : By.name: q
Trying to find Element By : By.name: q
Found Element By : By.name: q
Change value: [[FirefoxDriver: firefox on windows (e788b303-79b9-41df-83d6-c45ec2565027)] -> name: q]
Changed element: [[FirefoxDriver: firefox on windows (e788b303-79b9-41df-83d6-c45ec2565027)] -> name: q]
Trying to find Element By : By.id: Alh6id
Found Element By : By.id: Alh6id
Trying to find Element By : By.id: Alh6id
Found Element By : By.id: Alh6id
Trying to find Element By : By.name: q
Found Element By : By.name: q
Trying to find Element By : By.name: q
Found Element By : By.name: q
Change value: [[FirefoxDriver: firefox on windows (e788b303-79b9-41df-83d6-c45ec2565027)] -> name: q]
Changed element: [[FirefoxDriver: firefox on windows (e788b303-79b9-41df-83d6-c45ec2565027)] -> name: q]
Trying to find Element By : By.cssSelector: div.MjjYud
Found Element By : By.cssSelector: div.MjjYud
Trying to find Element By : By.name: q
Found Element By : By.name: q
Trying to find Element By : By.name: q
Found Element By : By.name: q
Trying to find Element By : By.id: ofr
Trying to find Element By : By.id: ofr
Trying to find Element By : By.id: ofr
Found Element By : By.id: ofr
Trying to find Element By : By.cssSelector: div > a > h3 > div
Found Element By : By.cssSelector: div > a > h3 > div
Trying to find Element By : By.cssSelector: div > a > h3 > div
Found Element By : By.cssSelector: div > a > h3 > div
Trying to click on: [[ChromeDriver: chrome on windows (c8afc2ee916e6f8ff25f2e109a7a9bb3)] -> css selector: div > a > h3 > div]
Clicked on: [[ChromeDriver: chrome on windows (c8afc2ee916e6f8ff25f2e109a7a9bb3)] -> css selector: div > a > h3 > div]
Trying to find Element By : By.id: ofr
Found Element By : By.id: ofr
Trying to find Element By : By.cssSelector: div > a > h3 > div
Found Element By : By.cssSelector: div > a > h3 > div
Trying to find Element By : By.cssSelector: div > a > h3 > div
Found Element By : By.cssSelector: div > a > h3 > div
Trying to click on: [[EdgeDriver: MicrosoftEdge on windows (b071a5dac429f8983805ec1af517a75b)] -> css selector: div > a > h3 > div]
Clicked on: [[EdgeDriver: MicrosoftEdge on windows (b071a5dac429f8983805ec1af517a75b)] -> css selector: div > a > h3 > div]
Trying to find Element By : By.id: ofr
Found Element By : By.id: ofr
Trying to find Element By : By.cssSelector: div > a > h3 > div
Found Element By : By.cssSelector: div > a > h3 > div
Trying to find Element By : By.cssSelector: div > a > h3 > div
Found Element By : By.cssSelector: div > a > h3 > div
Trying to click on: [[FirefoxDriver: firefox on windows (e788b303-79b9-41df-83d6-c45ec2565027)] -> css selector: div > a > h3 > div]
Clicked on: [[FirefoxDriver: firefox on windows (e788b303-79b9-41df-83d6-c45ec2565027)] -> css selector: div > a > h3 > div]
Trying to find Element By : By.id: ofr
Found Element By : By.id: ofr
Trying to find Element By : By.cssSelector: div > a > h3 > div
Found Element By : By.cssSelector: div > a > h3 > div
Trying to find Element By : By.cssSelector: div > a > h3 > div
Found Element By : By.cssSelector: div > a > h3 > div
Trying to click on: [[ChromeDriver: chrome on windows (c8afc2ee916e6f8ff25f2e109a7a9bb3)] -> css selector: div > a > h3 > div]
Clicked on: [[ChromeDriver: chrome on windows (c8afc2ee916e6f8ff25f2e109a7a9bb3)] -> css selector: div > a > h3 > div]
Trying to find Element By : By.id: ofr
Found Element By : By.id: ofr
Trying to find Element By : By.cssSelector: div > a > h3 > div
Found Element By : By.cssSelector: div > a > h3 > div
Trying to find Element By : By.cssSelector: div > a > h3 > div
Found Element By : By.cssSelector: div > a > h3 > div
Trying to click on: [[EdgeDriver: MicrosoftEdge on windows (b071a5dac429f8983805ec1af517a75b)] -> css selector: div > a > h3 > div]
Clicked on: [[EdgeDriver: MicrosoftEdge on windows (b071a5dac429f8983805ec1af517a75b)] -> css selector: div > a > h3 > div]
Trying to find Element By : By.id: ofr
Found Element By : By.id: ofr
Trying to find Element By : By.cssSelector: div > a > h3 > div
Found Element By : By.cssSelector: div > a > h3 > div
Trying to find Element By : By.cssSelector: div > a > h3 > div
Found Element By : By.cssSelector: div > a > h3 > div
Trying to click on: [[FirefoxDriver: firefox on windows (e788b303-79b9-41df-83d6-c45ec2565027)] -> css selector: div > a > h3 > div]
Clicked on: [[FirefoxDriver: firefox on windows (e788b303-79b9-41df-83d6-c45ec2565027)] -> css selector: div > a > h3 > div]
Trying to find Element By : By.id: ofr
Found Element By : By.id: ofr
Trying to find Element By : By.cssSelector: div > a > h3 > div
Found Element By : By.cssSelector: div > a > h3 > div
Trying to find Element By : By.cssSelector: div > a > h3 > div
Found Element By : By.cssSelector: div > a > h3 > div
Trying to click on: [[ChromeDriver: chrome on windows (c8afc2ee916e6f8ff25f2e109a7a9bb3)] -> css selector: div > a > h3 > div]
Clicked on: [[ChromeDriver: chrome on windows (c8afc2ee916e6f8ff25f2e109a7a9bb3)] -> css selector: div > a > h3 > div]
Trying to find Element By : By.id: ofr
Found Element By : By.id: ofr
Trying to find Element By : By.cssSelector: div > a > h3 > div
Found Element By : By.cssSelector: div > a > h3 > div
Trying to find Element By : By.cssSelector: div > a > h3 > div
Found Element By : By.cssSelector: div > a > h3 > div
Trying to click on: [[EdgeDriver: MicrosoftEdge on windows (b071a5dac429f8983805ec1af517a75b)] -> css selector: div > a > h3 > div]
Clicked on: [[EdgeDriver: MicrosoftEdge on windows (b071a5dac429f8983805ec1af517a75b)] -> css selector: div > a > h3 > div]
Trying to find Element By : By.id: ofr
Found Element By : By.id: ofr
Trying to find Element By : By.cssSelector: div > a > h3 > div
Found Element By : By.cssSelector: div > a > h3 > div
Trying to find Element By : By.cssSelector: div > a > h3 > div
Found Element By : By.cssSelector: div > a > h3 > div
Trying to click on: [[FirefoxDriver: firefox on windows (e788b303-79b9-41df-83d6-c45ec2565027)] -> css selector: div > a > h3 > div]
Clicked on: [[FirefoxDriver: firefox on windows (e788b303-79b9-41df-83d6-c45ec2565027)] -> css selector: div > a > h3 > div]
Trying to find Element By : By.id: ofr
Found Element By : By.id: ofr
Trying to find Element By : By.cssSelector: div > a > h3 > div
Found Element By : By.cssSelector: div > a > h3 > div
Trying to find Element By : By.cssSelector: div > a > h3 > div
Found Element By : By.cssSelector: div > a > h3 > div
Trying to click on: [[ChromeDriver: chrome on windows (c8afc2ee916e6f8ff25f2e109a7a9bb3)] -> css selector: div > a > h3 > div]
Clicked on: [[ChromeDriver: chrome on windows (c8afc2ee916e6f8ff25f2e109a7a9bb3)] -> css selector: div > a > h3 > div]
Trying to find Element By : By.id: ofr
Found Element By : By.id: ofr
Trying to find Element By : By.cssSelector: div > a > h3 > div
Found Element By : By.cssSelector: div > a > h3 > div
Trying to find Element By : By.cssSelector: div > a > h3 > div
Found Element By : By.cssSelector: div > a > h3 > div
Trying to click on: [[EdgeDriver: MicrosoftEdge on windows (b071a5dac429f8983805ec1af517a75b)] -> css selector: div > a > h3 > div]
Clicked on: [[EdgeDriver: MicrosoftEdge on windows (b071a5dac429f8983805ec1af517a75b)] -> css selector: div > a > h3 > div]
Trying to find Element By : By.id: ofr
Found Element By : By.id: ofr
Trying to find Element By : By.cssSelector: div > a > h3 > div
Found Element By : By.cssSelector: div > a > h3 > div
Trying to find Element By : By.cssSelector: div > a > h3 > div
Found Element By : By.cssSelector: div > a > h3 > div
Trying to click on: [[FirefoxDriver: firefox on windows (e788b303-79b9-41df-83d6-c45ec2565027)] -> css selector: div > a > h3 > div]
Clicked on: [[FirefoxDriver: firefox on windows (e788b303-79b9-41df-83d6-c45ec2565027)] -> css selector: div > a > h3 > div]
Trying to find Element By : By.id: ofr
Found Element By : By.id: ofr
Trying to find Element By : By.cssSelector: div > a > h3 > div
Found Element By : By.cssSelector: div > a > h3 > div
Trying to find Element By : By.cssSelector: div > a > h3 > div
Found Element By : By.cssSelector: div > a > h3 > div
Trying to click on: [[ChromeDriver: chrome on windows (c8afc2ee916e6f8ff25f2e109a7a9bb3)] -> css selector: div > a > h3 > div]
Clicked on: [[ChromeDriver: chrome on windows (c8afc2ee916e6f8ff25f2e109a7a9bb3)] -> css selector: div > a > h3 > div]
Trying to find Element By : By.id: ofr
Found Element By : By.id: ofr
Trying to find Element By : By.cssSelector: div > a > h3 > div
Found Element By : By.cssSelector: div > a > h3 > div
Trying to find Element By : By.cssSelector: div > a > h3 > div
Found Element By : By.cssSelector: div > a > h3 > div
Trying to click on: [[EdgeDriver: MicrosoftEdge on windows (b071a5dac429f8983805ec1af517a75b)] -> css selector: div > a > h3 > div]
Clicked on: [[EdgeDriver: MicrosoftEdge on windows (b071a5dac429f8983805ec1af517a75b)] -> css selector: div > a > h3 > div]
Trying to find Element By : By.id: ofr
Found Element By : By.id: ofr
Trying to find Element By : By.cssSelector: div > a > h3 > div
Found Element By : By.cssSelector: div > a > h3 > div
Trying to find Element By : By.cssSelector: div > a > h3 > div
Found Element By : By.cssSelector: div > a > h3 > div
Trying to click on: [[FirefoxDriver: firefox on windows (e788b303-79b9-41df-83d6-c45ec2565027)] -> css selector: div > a > h3 > div]
Clicked on: [[FirefoxDriver: firefox on windows (e788b303-79b9-41df-83d6-c45ec2565027)] -> css selector: div > a > h3 > div]
Trying to find Element By : By.id: ofr
Found Element By : By.id: ofr
Trying to find Element By : By.cssSelector: div > a > h3 > div
Found Element By : By.cssSelector: div > a > h3 > div
Trying to find Element By : By.cssSelector: div > a > h3 > div
Found Element By : By.cssSelector: div > a > h3 > div
Trying to click on: [[ChromeDriver: chrome on windows (c8afc2ee916e6f8ff25f2e109a7a9bb3)] -> css selector: div > a > h3 > div]
Clicked on: [[ChromeDriver: chrome on windows (c8afc2ee916e6f8ff25f2e109a7a9bb3)] -> css selector: div > a > h3 > div]
Trying to find Element By : By.id: ofr
Found Element By : By.id: ofr
Trying to find Element By : By.cssSelector: div > a > h3 > div
Found Element By : By.cssSelector: div > a > h3 > div
Trying to find Element By : By.cssSelector: div > a > h3 > div
Found Element By : By.cssSelector: div > a > h3 > div
Trying to click on: [[EdgeDriver: MicrosoftEdge on windows (b071a5dac429f8983805ec1af517a75b)] -> css selector: div > a > h3 > div]
Clicked on: [[EdgeDriver: MicrosoftEdge on windows (b071a5dac429f8983805ec1af517a75b)] -> css selector: div > a > h3 > div]
Trying to find Element By : By.id: ofr
Found Element By : By.id: ofr
Trying to find Element By : By.cssSelector: div > a > h3 > div
Found Element By : By.cssSelector: div > a > h3 > div
Trying to find Element By : By.cssSelector: div > a > h3 > div
Found Element By : By.cssSelector: div > a > h3 > div
Trying to click on: [[FirefoxDriver: firefox on windows (e788b303-79b9-41df-83d6-c45ec2565027)] -> css selector: div > a > h3 > div]
Clicked on: [[FirefoxDriver: firefox on windows (e788b303-79b9-41df-83d6-c45ec2565027)] -> css selector: div > a > h3 > div]
Trying to find Element By : By.id: ofr
Found Element By : By.id: ofr
Trying to find Element By : By.cssSelector: div > a > h3 > div
Found Element By : By.cssSelector: div > a > h3 > div
Trying to find Element By : By.cssSelector: div > a > h3 > div
Found Element By : By.cssSelector: div > a > h3 > div
Trying to click on: [[ChromeDriver: chrome on windows (c8afc2ee916e6f8ff25f2e109a7a9bb3)] -> css selector: div > a > h3 > div]
Clicked on: [[ChromeDriver: chrome on windows (c8afc2ee916e6f8ff25f2e109a7a9bb3)] -> css selector: div > a > h3 > div]
Trying to find Element By : By.id: ofr
Found Element By : By.id: ofr
Trying to find Element By : By.cssSelector: div > a > h3 > div
Found Element By : By.cssSelector: div > a > h3 > div
Trying to find Element By : By.cssSelector: div > a > h3 > div
Found Element By : By.cssSelector: div > a > h3 > div
Trying to click on: [[EdgeDriver: MicrosoftEdge on windows (b071a5dac429f8983805ec1af517a75b)] -> css selector: div > a > h3 > div]
Clicked on: [[EdgeDriver: MicrosoftEdge on windows (b071a5dac429f8983805ec1af517a75b)] -> css selector: div > a > h3 > div]
Trying to find Element By : By.id: ofr
Found Element By : By.id: ofr
Trying to find Element By : By.cssSelector: div > a > h3 > div
Found Element By : By.cssSelector: div > a > h3 > div
Trying to find Element By : By.cssSelector: div > a > h3 > div
Found Element By : By.cssSelector: div > a > h3 > div
Trying to click on: [[FirefoxDriver: firefox on windows (e788b303-79b9-41df-83d6-c45ec2565027)] -> css selector: div > a > h3 > div]
Clicked on: [[FirefoxDriver: firefox on windows (e788b303-79b9-41df-83d6-c45ec2565027)] -> css selector: div > a > h3 > div]
Trying to find Element By : By.id: ofr
Found Element By : By.id: ofr
Trying to find Element By : By.cssSelector: div > a > h3 > div
Found Element By : By.cssSelector: div > a > h3 > div
Trying to find Element By : By.cssSelector: div > a > h3 > div
Found Element By : By.cssSelector: div > a > h3 > div
Trying to click on: [[ChromeDriver: chrome on windows (c8afc2ee916e6f8ff25f2e109a7a9bb3)] -> css selector: div > a > h3 > div]
Clicked on: [[ChromeDriver: chrome on windows (c8afc2ee916e6f8ff25f2e109a7a9bb3)] -> css selector: div > a > h3 > div]
Trying to find Element By : By.id: ofr
Found Element By : By.id: ofr
Trying to find Element By : By.cssSelector: div > a > h3 > div
Found Element By : By.cssSelector: div > a > h3 > div
Trying to find Element By : By.cssSelector: div > a > h3 > div
Found Element By : By.cssSelector: div > a > h3 > div
Trying to click on: [[EdgeDriver: MicrosoftEdge on windows (b071a5dac429f8983805ec1af517a75b)] -> css selector: div > a > h3 > div]
Clicked on: [[EdgeDriver: MicrosoftEdge on windows (b071a5dac429f8983805ec1af517a75b)] -> css selector: div > a > h3 > div]
Trying to find Element By : By.id: ofr
Found Element By : By.id: ofr
Trying to find Element By : By.cssSelector: div > a > h3 > div
Found Element By : By.cssSelector: div > a > h3 > div
Trying to find Element By : By.cssSelector: div > a > h3 > div
Found Element By : By.cssSelector: div > a > h3 > div
Trying to click on: [[FirefoxDriver: firefox on windows (e788b303-79b9-41df-83d6-c45ec2565027)] -> css selector: div > a > h3 > div]
Clicked on: [[FirefoxDriver: firefox on windows (e788b303-79b9-41df-83d6-c45ec2565027)] -> css selector: div > a > h3 > div]
Trying to find Element By : By.id: ofr
Found Element By : By.id: ofr
Trying to find Element By : By.cssSelector: div > a > h3 > div
Found Element By : By.cssSelector: div > a > h3 > div
Trying to find Element By : By.cssSelector: div > a > h3 > div
Found Element By : By.cssSelector: div > a > h3 > div
Trying to click on: [[ChromeDriver: chrome on windows (c8afc2ee916e6f8ff25f2e109a7a9bb3)] -> css selector: div > a > h3 > div]
Clicked on: [[ChromeDriver: chrome on windows (c8afc2ee916e6f8ff25f2e109a7a9bb3)] -> css selector: div > a > h3 > div]
Trying to find Element By : By.id: ofr
Found Element By : By.id: ofr
Trying to find Element By : By.cssSelector: div.MjjYud
Found Element By : By.cssSelector: div.MjjYud
Trying to find Element By : By.cssSelector: div.MjjYud
Found Element By : By.cssSelector: div.MjjYud
Found Element By : By.id: ofr
Trying to find Element By : By.cssSelector: div > a > h3 > div
Found Element By : By.cssSelector: div > a > h3 > div
Trying to find Element By : By.cssSelector: div > a > h3 > div
Found Element By : By.cssSelector: div > a > h3 > div
Trying to click on: [[EdgeDriver: MicrosoftEdge on windows (b071a5dac429f8983805ec1af517a75b)] -> css selector: div > a > h3 > div]
Clicked on: [[EdgeDriver: MicrosoftEdge on windows (b071a5dac429f8983805ec1af517a75b)] -> css selector: div > a > h3 > div]
Trying to find Element By : By.id: ofr
Found Element By : By.id: ofr
Trying to find Element By : By.cssSelector: div > a > h3 > div
Found Element By : By.cssSelector: div > a > h3 > div
Trying to find Element By : By.cssSelector: div > a > h3 > div
Found Element By : By.cssSelector: div > a > h3 > div
Trying to click on: [[FirefoxDriver: firefox on windows (e788b303-79b9-41df-83d6-c45ec2565027)] -> css selector: div > a > h3 > div]
Clicked on: [[FirefoxDriver: firefox on windows (e788b303-79b9-41df-83d6-c45ec2565027)] -> css selector: div > a > h3 > div]
Trying to find Element By : By.id: ofr
Found Element By : By.id: ofr
Trying to find Element By : By.cssSelector: div.MjjYud
Found Element By : By.cssSelector: div.MjjYud
Trying to find Element By : By.cssSelector: div.MjjYud
Found Element By : By.cssSelector: div.MjjYud
Trying to find Element By : By.id: ofr
Found Element By : By.id: ofr
Trying to find Element By : By.id: ofr
Found Element By : By.id: ofr
]]></system-out>
  </testcase>
  <testcase name="countSearchResult" classname="com.google.tests.N_0005_CountSearchResultTest" time="205.563">
    <failure message="expected [143] but found [141]" type="java.lang.AssertionError"><![CDATA[java.lang.AssertionError: expected [143] but found [141]
	at org.testng.Assert.fail(Assert.java:110)
	at org.testng.Assert.failNotEquals(Assert.java:1577)
	at org.testng.Assert.assertEqualsImpl(Assert.java:149)
	at org.testng.Assert.assertEquals(Assert.java:131)
	at org.testng.Assert.assertEquals(Assert.java:1418)
	at org.testng.Assert.assertEquals(Assert.java:1382)
	at org.testng.Assert.assertEquals(Assert.java:1428)
	at com.google.actionHelpers.CountSearchResult.countAndEqualsSearchResults(CountSearchResult.java:26)
	at com.google.tests.N_0005_CountSearchResultTest.countSearchResult(N_0005_CountSearchResultTest.java:17)
	at java.base/jdk.internal.reflect.DirectMethodHandleAccessor.invoke(DirectMethodHandleAccessor.java:103)
	at java.base/java.lang.reflect.Method.invoke(Method.java:580)
	at org.testng.internal.invokers.MethodInvocationHelper.invokeMethod(MethodInvocationHelper.java:139)
	at org.testng.internal.invokers.TestInvoker.invokeMethod(TestInvoker.java:677)
	at org.testng.internal.invokers.TestInvoker.invokeTestMethod(TestInvoker.java:221)
	at org.testng.internal.invokers.MethodRunner.runInSequence(MethodRunner.java:50)
	at org.testng.internal.invokers.TestInvoker$MethodInvocationAgent.invoke(TestInvoker.java:969)
	at org.testng.internal.invokers.TestInvoker.invokeTestMethods(TestInvoker.java:194)
	at org.testng.internal.invokers.TestMethodWorker.invokeTestMethods(TestMethodWorker.java:148)
	at org.testng.internal.invokers.TestMethodWorker.run(TestMethodWorker.java:128)
	at java.base/java.util.ArrayList.forEach(ArrayList.java:1596)
	at org.testng.TestRunner.privateRun(TestRunner.java:829)
	at org.testng.TestRunner.run(TestRunner.java:602)
	at org.testng.SuiteRunner.runTest(SuiteRunner.java:437)
	at org.testng.SuiteRunner$SuiteWorker.run(SuiteRunner.java:475)
	at org.testng.internal.thread.ThreadUtil.lambda$execute$0(ThreadUtil.java:58)
	at java.base/java.util.concurrent.FutureTask.run(FutureTask.java:317)
	at java.base/java.util.concurrent.ThreadPoolExecutor.runWorker(ThreadPoolExecutor.java:1144)
	at java.base/java.util.concurrent.ThreadPoolExecutor$Worker.run(ThreadPoolExecutor.java:642)
	at java.base/java.lang.Thread.run(Thread.java:1583)
]]></failure>
    <system-out><![CDATA[Found Element By : By.id: ofr
Trying to find Element By : By.cssSelector: div > a > h3 > div
Found Element By : By.cssSelector: div > a > h3 > div
Trying to find Element By : By.cssSelector: div > a > h3 > div
Found Element By : By.cssSelector: div > a > h3 > div
Trying to click on: [[EdgeDriver: MicrosoftEdge on windows (b071a5dac429f8983805ec1af517a75b)] -> css selector: div > a > h3 > div]
Clicked on: [[EdgeDriver: MicrosoftEdge on windows (b071a5dac429f8983805ec1af517a75b)] -> css selector: div > a > h3 > div]
Trying to find Element By : By.id: ofr
Trying to find Element By : By.id: ofr
Found Element By : By.id: ofr
Trying to find Element By : By.id: ofr
Found Element By : By.id: ofr
]]></system-out>
  </testcase>
  <testcase name="countSearchResult" classname="com.google.tests.N_0005_CountSearchResultTest" time="378.12">
    <failure message="expected [233] but found [220]" type="java.lang.AssertionError"><![CDATA[java.lang.AssertionError: expected [233] but found [220]
	at org.testng.Assert.fail(Assert.java:110)
	at org.testng.Assert.failNotEquals(Assert.java:1577)
	at org.testng.Assert.assertEqualsImpl(Assert.java:149)
	at org.testng.Assert.assertEquals(Assert.java:131)
	at org.testng.Assert.assertEquals(Assert.java:1418)
	at org.testng.Assert.assertEquals(Assert.java:1382)
	at org.testng.Assert.assertEquals(Assert.java:1428)
	at com.google.actionHelpers.CountSearchResult.countAndEqualsSearchResults(CountSearchResult.java:26)
	at com.google.tests.N_0005_CountSearchResultTest.countSearchResult(N_0005_CountSearchResultTest.java:17)
	at java.base/jdk.internal.reflect.DirectMethodHandleAccessor.invoke(DirectMethodHandleAccessor.java:103)
	at java.base/java.lang.reflect.Method.invoke(Method.java:580)
	at org.testng.internal.invokers.MethodInvocationHelper.invokeMethod(MethodInvocationHelper.java:139)
	at org.testng.internal.invokers.TestInvoker.invokeMethod(TestInvoker.java:677)
	at org.testng.internal.invokers.TestInvoker.invokeTestMethod(TestInvoker.java:221)
	at org.testng.internal.invokers.MethodRunner.runInSequence(MethodRunner.java:50)
	at org.testng.internal.invokers.TestInvoker$MethodInvocationAgent.invoke(TestInvoker.java:969)
	at org.testng.internal.invokers.TestInvoker.invokeTestMethods(TestInvoker.java:194)
	at org.testng.internal.invokers.TestMethodWorker.invokeTestMethods(TestMethodWorker.java:148)
	at org.testng.internal.invokers.TestMethodWorker.run(TestMethodWorker.java:128)
	at java.base/java.util.ArrayList.forEach(ArrayList.java:1596)
	at org.testng.TestRunner.privateRun(TestRunner.java:829)
	at org.testng.TestRunner.run(TestRunner.java:602)
	at org.testng.SuiteRunner.runTest(SuiteRunner.java:437)
	at org.testng.SuiteRunner$SuiteWorker.run(SuiteRunner.java:475)
	at org.testng.internal.thread.ThreadUtil.lambda$execute$0(ThreadUtil.java:58)
	at java.base/java.util.concurrent.FutureTask.run(FutureTask.java:317)
	at java.base/java.util.concurrent.ThreadPoolExecutor.runWorker(ThreadPoolExecutor.java:1144)
	at java.base/java.util.concurrent.ThreadPoolExecutor$Worker.run(ThreadPoolExecutor.java:642)
	at java.base/java.lang.Thread.run(Thread.java:1583)
]]></failure>
    <system-out><![CDATA[Found Element By : By.id: ofr
Trying to find Element By : By.cssSelector: div > a > h3 > div
Found Element By : By.cssSelector: div > a > h3 > div
Trying to find Element By : By.cssSelector: div > a > h3 > div
Found Element By : By.cssSelector: div > a > h3 > div
Trying to click on: [[EdgeDriver: MicrosoftEdge on windows (b071a5dac429f8983805ec1af517a75b)] -> css selector: div > a > h3 > div]
Clicked on: [[EdgeDriver: MicrosoftEdge on windows (b071a5dac429f8983805ec1af517a75b)] -> css selector: div > a > h3 > div]
Trying to find Element By : By.id: ofr
Found Element By : By.id: ofr
Trying to find Element By : By.cssSelector: div > a > h3 > div
Found Element By : By.cssSelector: div > a > h3 > div
Trying to find Element By : By.cssSelector: div > a > h3 > div
Found Element By : By.cssSelector: div > a > h3 > div
Trying to click on: [[EdgeDriver: MicrosoftEdge on windows (b071a5dac429f8983805ec1af517a75b)] -> css selector: div > a > h3 > div]
Clicked on: [[EdgeDriver: MicrosoftEdge on windows (b071a5dac429f8983805ec1af517a75b)] -> css selector: div > a > h3 > div]
Trying to find Element By : By.id: ofr
Found Element By : By.id: ofr
Trying to find Element By : By.cssSelector: div > a > h3 > div
Found Element By : By.cssSelector: div > a > h3 > div
Trying to find Element By : By.cssSelector: div > a > h3 > div
Found Element By : By.cssSelector: div > a > h3 > div
Trying to click on: [[EdgeDriver: MicrosoftEdge on windows (b071a5dac429f8983805ec1af517a75b)] -> css selector: div > a > h3 > div]
Clicked on: [[EdgeDriver: MicrosoftEdge on windows (b071a5dac429f8983805ec1af517a75b)] -> css selector: div > a > h3 > div]
Trying to find Element By : By.id: ofr
Found Element By : By.id: ofr
Trying to find Element By : By.cssSelector: div > a > h3 > div
Found Element By : By.cssSelector: div > a > h3 > div
Trying to find Element By : By.cssSelector: div > a > h3 > div
Found Element By : By.cssSelector: div > a > h3 > div
Trying to click on: [[EdgeDriver: MicrosoftEdge on windows (b071a5dac429f8983805ec1af517a75b)] -> css selector: div > a > h3 > div]
Clicked on: [[EdgeDriver: MicrosoftEdge on windows (b071a5dac429f8983805ec1af517a75b)] -> css selector: div > a > h3 > div]
Trying to find Element By : By.id: ofr
Found Element By : By.id: ofr
Trying to find Element By : By.cssSelector: div > a > h3 > div
Found Element By : By.cssSelector: div > a > h3 > div
Trying to find Element By : By.cssSelector: div > a > h3 > div
Found Element By : By.cssSelector: div > a > h3 > div
Trying to click on: [[EdgeDriver: MicrosoftEdge on windows (b071a5dac429f8983805ec1af517a75b)] -> css selector: div > a > h3 > div]
Clicked on: [[EdgeDriver: MicrosoftEdge on windows (b071a5dac429f8983805ec1af517a75b)] -> css selector: div > a > h3 > div]
Trying to find Element By : By.id: ofr
Found Element By : By.id: ofr
Trying to find Element By : By.cssSelector: div > a > h3 > div
Found Element By : By.cssSelector: div > a > h3 > div
Trying to find Element By : By.cssSelector: div > a > h3 > div
Found Element By : By.cssSelector: div > a > h3 > div
Trying to click on: [[EdgeDriver: MicrosoftEdge on windows (b071a5dac429f8983805ec1af517a75b)] -> css selector: div > a > h3 > div]
Clicked on: [[EdgeDriver: MicrosoftEdge on windows (b071a5dac429f8983805ec1af517a75b)] -> css selector: div > a > h3 > div]
Trying to find Element By : By.id: ofr
Found Element By : By.id: ofr
Trying to find Element By : By.cssSelector: div > a > h3 > div
Found Element By : By.cssSelector: div > a > h3 > div
Trying to find Element By : By.cssSelector: div > a > h3 > div
Found Element By : By.cssSelector: div > a > h3 > div
Trying to click on: [[EdgeDriver: MicrosoftEdge on windows (b071a5dac429f8983805ec1af517a75b)] -> css selector: div > a > h3 > div]
Clicked on: [[EdgeDriver: MicrosoftEdge on windows (b071a5dac429f8983805ec1af517a75b)] -> css selector: div > a > h3 > div]
Trying to find Element By : By.id: ofr
Found Element By : By.id: ofr
Trying to find Element By : By.cssSelector: div > a > h3 > div
Found Element By : By.cssSelector: div > a > h3 > div
Trying to find Element By : By.cssSelector: div > a > h3 > div
Found Element By : By.cssSelector: div > a > h3 > div
Trying to click on: [[EdgeDriver: MicrosoftEdge on windows (b071a5dac429f8983805ec1af517a75b)] -> css selector: div > a > h3 > div]
Clicked on: [[EdgeDriver: MicrosoftEdge on windows (b071a5dac429f8983805ec1af517a75b)] -> css selector: div > a > h3 > div]
Trying to find Element By : By.id: ofr
Found Element By : By.id: ofr
Trying to find Element By : By.cssSelector: div.MjjYud
Found Element By : By.cssSelector: div.MjjYud
Trying to find Element By : By.cssSelector: div.MjjYud
Found Element By : By.cssSelector: div.MjjYud
Trying to find Element By : By.id: ofr
Found Element By : By.id: ofr
Trying to find Element By : By.id: ofr
Found Element By : By.id: ofr
]]></system-out>
  </testcase>
</testsuite>