<?xml version="1.0" encoding="UTF-8"?>
<testsuite xmlns:xsi="http://www.w3.org/2001/XMLSchema-instance" xsi:noNamespaceSchemaLocation="https://maven.apache.org/surefire/maven-surefire-plugin/xsd/surefire-test-report-3.0.xsd" version="3.0" name="TestSuite" time="253.318" tests="24" errors="0" skipped="0" failures="1">
  <properties>
    <property name="java.specification.version" value="13"/>
    <property name="webdriver.chrome.driver" value="D:\QA\MyProjects\com.google\target\test-classes\chromedriver.exe"/>
    <property name="sun.cpu.isalist" value="amd64"/>
    <property name="sun.jnu.encoding" value="Cp1252"/>
    <property name="java.class.path" value="D:\QA\MyProjects\com.google\target\test-classes;D:\QA\MyProjects\com.google\target\classes;C:\Users\olegn\.m2\repository\org\seleniumhq\selenium\selenium-java\3.141.59\selenium-java-3.141.59.jar;C:\Users\olegn\.m2\repository\org\seleniumhq\selenium\selenium-api\3.141.59\selenium-api-3.141.59.jar;C:\Users\olegn\.m2\repository\org\seleniumhq\selenium\selenium-chrome-driver\3.141.59\selenium-chrome-driver-3.141.59.jar;C:\Users\olegn\.m2\repository\org\seleniumhq\selenium\selenium-edge-driver\3.141.59\selenium-edge-driver-3.141.59.jar;C:\Users\olegn\.m2\repository\org\seleniumhq\selenium\selenium-firefox-driver\3.141.59\selenium-firefox-driver-3.141.59.jar;C:\Users\olegn\.m2\repository\org\seleniumhq\selenium\selenium-ie-driver\3.141.59\selenium-ie-driver-3.141.59.jar;C:\Users\olegn\.m2\repository\org\seleniumhq\selenium\selenium-opera-driver\3.141.59\selenium-opera-driver-3.141.59.jar;C:\Users\olegn\.m2\repository\org\seleniumhq\selenium\selenium-remote-driver\3.141.59\selenium-remote-driver-3.141.59.jar;C:\Users\olegn\.m2\repository\org\seleniumhq\selenium\selenium-safari-driver\3.141.59\selenium-safari-driver-3.141.59.jar;C:\Users\olegn\.m2\repository\org\seleniumhq\selenium\selenium-support\3.141.59\selenium-support-3.141.59.jar;C:\Users\olegn\.m2\repository\net\bytebuddy\byte-buddy\1.8.15\byte-buddy-1.8.15.jar;C:\Users\olegn\.m2\repository\org\apache\commons\commons-exec\1.3\commons-exec-1.3.jar;C:\Users\olegn\.m2\repository\com\google\guava\guava\25.0-jre\guava-25.0-jre.jar;C:\Users\olegn\.m2\repository\com\google\code\findbugs\jsr305\1.3.9\jsr305-1.3.9.jar;C:\Users\olegn\.m2\repository\org\checkerframework\checker-compat-qual\2.0.0\checker-compat-qual-2.0.0.jar;C:\Users\olegn\.m2\repository\com\google\errorprone\error_prone_annotations\2.1.3\error_prone_annotations-2.1.3.jar;C:\Users\olegn\.m2\repository\com\google\j2objc\j2objc-annotations\1.1\j2objc-annotations-1.1.jar;C:\Users\olegn\.m2\repository\org\codehaus\mojo\animal-sniffer-annotations\1.14\animal-sniffer-annotations-1.14.jar;C:\Users\olegn\.m2\repository\com\squareup\okhttp3\okhttp\3.11.0\okhttp-3.11.0.jar;C:\Users\olegn\.m2\repository\com\squareup\okio\okio\1.14.0\okio-1.14.0.jar;C:\Users\olegn\.m2\repository\org\testng\testng\7.1.0\testng-7.1.0.jar;C:\Users\olegn\.m2\repository\com\beust\jcommander\1.72\jcommander-1.72.jar;C:\Users\olegn\.m2\repository\com\google\inject\guice\4.1.0\guice-4.1.0-no_aop.jar;C:\Users\olegn\.m2\repository\org\yaml\snakeyaml\1.21\snakeyaml-1.21.jar;C:\Users\olegn\.m2\repository\org\uncommons\reportng\1.1.4\reportng-1.1.4.jar;C:\Users\olegn\.m2\repository\velocity\velocity\1.4\velocity-1.4.jar;C:\Users\olegn\.m2\repository\velocity\velocity-dep\1.4\velocity-dep-1.4.jar;C:\Users\olegn\.m2\repository\org\apache\velocity\velocity\1.7\velocity-1.7.jar;C:\Users\olegn\.m2\repository\commons-collections\commons-collections\3.2.1\commons-collections-3.2.1.jar;C:\Users\olegn\.m2\repository\commons-lang\commons-lang\2.4\commons-lang-2.4.jar;C:\Users\olegn\.m2\repository\com\google\inject\guice\4.2.3\guice-4.2.3.jar;C:\Users\olegn\.m2\repository\javax\inject\javax.inject\1\javax.inject-1.jar;C:\Users\olegn\.m2\repository\aopalliance\aopalliance\1.0\aopalliance-1.0.jar;C:\Users\olegn\.m2\repository\org\apache\maven\maven-project\2.2.1\maven-project-2.2.1.jar;C:\Users\olegn\.m2\repository\org\apache\maven\maven-settings\2.2.1\maven-settings-2.2.1.jar;C:\Users\olegn\.m2\repository\org\apache\maven\maven-profile\2.2.1\maven-profile-2.2.1.jar;C:\Users\olegn\.m2\repository\org\apache\maven\maven-model\2.2.1\maven-model-2.2.1.jar;C:\Users\olegn\.m2\repository\org\apache\maven\maven-artifact-manager\2.2.1\maven-artifact-manager-2.2.1.jar;C:\Users\olegn\.m2\repository\org\apache\maven\maven-repository-metadata\2.2.1\maven-repository-metadata-2.2.1.jar;C:\Users\olegn\.m2\repository\org\apache\maven\wagon\wagon-provider-api\1.0-beta-6\wagon-provider-api-1.0-beta-6.jar;C:\Users\olegn\.m2\repository\backport-util-concurrent\backport-util-concurrent\3.1\backport-util-concurrent-3.1.jar;C:\Users\olegn\.m2\repository\org\apache\maven\maven-plugin-registry\2.2.1\maven-plugin-registry-2.2.1.jar;C:\Users\olegn\.m2\repository\org\codehaus\plexus\plexus-interpolation\1.11\plexus-interpolation-1.11.jar;C:\Users\olegn\.m2\repository\org\codehaus\plexus\plexus-utils\1.5.15\plexus-utils-1.5.15.jar;C:\Users\olegn\.m2\repository\org\apache\maven\maven-artifact\2.2.1\maven-artifact-2.2.1.jar;C:\Users\olegn\.m2\repository\org\codehaus\plexus\plexus-container-default\1.0-alpha-9-stable-1\plexus-container-default-1.0-alpha-9-stable-1.jar;C:\Users\olegn\.m2\repository\junit\junit\3.8.1\junit-3.8.1.jar;C:\Users\olegn\.m2\repository\classworlds\classworlds\1.1-alpha-2\classworlds-1.1-alpha-2.jar;"/>
    <property name="org.uncommons.reportng.escape-output" value="false"/>
    <property name="java.vm.vendor" value="Oracle Corporation"/>
    <property name="sun.arch.data.model" value="64"/>
    <property name="webdriver.ie.driver" value="D:\QA\MyProjects\com.google\target\test-classes\IEDriverServer.exe"/>
    <property name="user.variant" value=""/>
    <property name="java.vendor.url" value="https://java.oracle.com/"/>
    <property name="user.timezone" value="Europe/Kiev"/>
    <property name="os.name" value="Windows 10"/>
    <property name="java.vm.specification.version" value="13"/>
    <property name="sun.java.launcher" value="SUN_STANDARD"/>
    <property name="user.country" value="US"/>
    <property name="sun.boot.library.path" value="C:\java\java-13\jdk-13\jdk-13.0.2\bin"/>
    <property name="sun.java.command" value="C:\Users\olegn\AppData\Local\Temp\surefire17210830444027016329\surefirebooter6229740714833794396.jar C:\Users\olegn\AppData\Local\Temp\surefire17210830444027016329 2020-05-21T18-56-21_043-jvmRun1 surefire11313002334170544795tmp surefire_012053466624729957902tmp"/>
    <property name="jdk.debug" value="release"/>
    <property name="surefire.test.class.path" value="D:\QA\MyProjects\com.google\target\test-classes;D:\QA\MyProjects\com.google\target\classes;C:\Users\olegn\.m2\repository\org\seleniumhq\selenium\selenium-java\3.141.59\selenium-java-3.141.59.jar;C:\Users\olegn\.m2\repository\org\seleniumhq\selenium\selenium-api\3.141.59\selenium-api-3.141.59.jar;C:\Users\olegn\.m2\repository\org\seleniumhq\selenium\selenium-chrome-driver\3.141.59\selenium-chrome-driver-3.141.59.jar;C:\Users\olegn\.m2\repository\org\seleniumhq\selenium\selenium-edge-driver\3.141.59\selenium-edge-driver-3.141.59.jar;C:\Users\olegn\.m2\repository\org\seleniumhq\selenium\selenium-firefox-driver\3.141.59\selenium-firefox-driver-3.141.59.jar;C:\Users\olegn\.m2\repository\org\seleniumhq\selenium\selenium-ie-driver\3.141.59\selenium-ie-driver-3.141.59.jar;C:\Users\olegn\.m2\repository\org\seleniumhq\selenium\selenium-opera-driver\3.141.59\selenium-opera-driver-3.141.59.jar;C:\Users\olegn\.m2\repository\org\seleniumhq\selenium\selenium-remote-driver\3.141.59\selenium-remote-driver-3.141.59.jar;C:\Users\olegn\.m2\repository\org\seleniumhq\selenium\selenium-safari-driver\3.141.59\selenium-safari-driver-3.141.59.jar;C:\Users\olegn\.m2\repository\org\seleniumhq\selenium\selenium-support\3.141.59\selenium-support-3.141.59.jar;C:\Users\olegn\.m2\repository\net\bytebuddy\byte-buddy\1.8.15\byte-buddy-1.8.15.jar;C:\Users\olegn\.m2\repository\org\apache\commons\commons-exec\1.3\commons-exec-1.3.jar;C:\Users\olegn\.m2\repository\com\google\guava\guava\25.0-jre\guava-25.0-jre.jar;C:\Users\olegn\.m2\repository\com\google\code\findbugs\jsr305\1.3.9\jsr305-1.3.9.jar;C:\Users\olegn\.m2\repository\org\checkerframework\checker-compat-qual\2.0.0\checker-compat-qual-2.0.0.jar;C:\Users\olegn\.m2\repository\com\google\errorprone\error_prone_annotations\2.1.3\error_prone_annotations-2.1.3.jar;C:\Users\olegn\.m2\repository\com\google\j2objc\j2objc-annotations\1.1\j2objc-annotations-1.1.jar;C:\Users\olegn\.m2\repository\org\codehaus\mojo\animal-sniffer-annotations\1.14\animal-sniffer-annotations-1.14.jar;C:\Users\olegn\.m2\repository\com\squareup\okhttp3\okhttp\3.11.0\okhttp-3.11.0.jar;C:\Users\olegn\.m2\repository\com\squareup\okio\okio\1.14.0\okio-1.14.0.jar;C:\Users\olegn\.m2\repository\org\testng\testng\7.1.0\testng-7.1.0.jar;C:\Users\olegn\.m2\repository\com\beust\jcommander\1.72\jcommander-1.72.jar;C:\Users\olegn\.m2\repository\com\google\inject\guice\4.1.0\guice-4.1.0-no_aop.jar;C:\Users\olegn\.m2\repository\org\yaml\snakeyaml\1.21\snakeyaml-1.21.jar;C:\Users\olegn\.m2\repository\org\uncommons\reportng\1.1.4\reportng-1.1.4.jar;C:\Users\olegn\.m2\repository\velocity\velocity\1.4\velocity-1.4.jar;C:\Users\olegn\.m2\repository\velocity\velocity-dep\1.4\velocity-dep-1.4.jar;C:\Users\olegn\.m2\repository\org\apache\velocity\velocity\1.7\velocity-1.7.jar;C:\Users\olegn\.m2\repository\commons-collections\commons-collections\3.2.1\commons-collections-3.2.1.jar;C:\Users\olegn\.m2\repository\commons-lang\commons-lang\2.4\commons-lang-2.4.jar;C:\Users\olegn\.m2\repository\com\google\inject\guice\4.2.3\guice-4.2.3.jar;C:\Users\olegn\.m2\repository\javax\inject\javax.inject\1\javax.inject-1.jar;C:\Users\olegn\.m2\repository\aopalliance\aopalliance\1.0\aopalliance-1.0.jar;C:\Users\olegn\.m2\repository\org\apache\maven\maven-project\2.2.1\maven-project-2.2.1.jar;C:\Users\olegn\.m2\repository\org\apache\maven\maven-settings\2.2.1\maven-settings-2.2.1.jar;C:\Users\olegn\.m2\repository\org\apache\maven\maven-profile\2.2.1\maven-profile-2.2.1.jar;C:\Users\olegn\.m2\repository\org\apache\maven\maven-model\2.2.1\maven-model-2.2.1.jar;C:\Users\olegn\.m2\repository\org\apache\maven\maven-artifact-manager\2.2.1\maven-artifact-manager-2.2.1.jar;C:\Users\olegn\.m2\repository\org\apache\maven\maven-repository-metadata\2.2.1\maven-repository-metadata-2.2.1.jar;C:\Users\olegn\.m2\repository\org\apache\maven\wagon\wagon-provider-api\1.0-beta-6\wagon-provider-api-1.0-beta-6.jar;C:\Users\olegn\.m2\repository\backport-util-concurrent\backport-util-concurrent\3.1\backport-util-concurrent-3.1.jar;C:\Users\olegn\.m2\repository\org\apache\maven\maven-plugin-registry\2.2.1\maven-plugin-registry-2.2.1.jar;C:\Users\olegn\.m2\repository\org\codehaus\plexus\plexus-interpolation\1.11\plexus-interpolation-1.11.jar;C:\Users\olegn\.m2\repository\org\codehaus\plexus\plexus-utils\1.5.15\plexus-utils-1.5.15.jar;C:\Users\olegn\.m2\repository\org\apache\maven\maven-artifact\2.2.1\maven-artifact-2.2.1.jar;C:\Users\olegn\.m2\repository\org\codehaus\plexus\plexus-container-default\1.0-alpha-9-stable-1\plexus-container-default-1.0-alpha-9-stable-1.jar;C:\Users\olegn\.m2\repository\junit\junit\3.8.1\junit-3.8.1.jar;C:\Users\olegn\.m2\repository\classworlds\classworlds\1.1-alpha-2\classworlds-1.1-alpha-2.jar;"/>
    <property name="sun.cpu.endian" value="little"/>
    <property name="user.home" value="C:\Users\olegn"/>
    <property name="user.language" value="en"/>
    <property name="java.specification.vendor" value="Oracle Corporation"/>
    <property name="java.version.date" value="2020-01-14"/>
    <property name="java.home" value="C:\java\java-13\jdk-13\jdk-13.0.2"/>
    <property name="file.separator" value="\"/>
    <property name="basedir" value="D:\QA\MyProjects\com.google"/>
    <property name="java.vm.compressedOopsMode" value="Zero based"/>
    <property name="webdriver.msedge.driver" value="D:\QA\MyProjects\com.google\target\test-classes\msedgedriver.exe"/>
    <property name="line.separator" value="&#10;"/>
    <property name="java.vm.specification.vendor" value="Oracle Corporation"/>
    <property name="java.specification.name" value="Java Platform API Specification"/>
    <property name="surefire.real.class.path" value="C:\Users\olegn\AppData\Local\Temp\surefire17210830444027016329\surefirebooter6229740714833794396.jar"/>
    <property name="user.script" value=""/>
    <property name="sun.management.compiler" value="HotSpot 64-Bit Tiered Compilers"/>
    <property name="java.runtime.version" value="13.0.2+8"/>
    <property name="user.name" value="olegn"/>
    <property name="path.separator" value=";"/>
    <property name="webdriver.opera.driver" value="D:\QA\MyProjects\com.google\target\test-classes\operadriver.exe"/>
    <property name="os.version" value="10.0"/>
    <property name="java.runtime.name" value="OpenJDK Runtime Environment"/>
    <property name="file.encoding" value="UTF-8"/>
    <property name="java.vm.name" value="OpenJDK 64-Bit Server VM"/>
    <property name="localRepository" value="C:\Users\olegn\.m2\repository"/>
    <property name="java.vendor.url.bug" value="https://bugreport.java.com/bugreport/"/>
    <property name="java.io.tmpdir" value="C:\Users\olegn\AppData\Local\Temp\"/>
    <property name="java.version" value="13.0.2"/>
    <property name="user.dir" value="D:\QA\MyProjects\com.google"/>
    <property name="os.arch" value="amd64"/>
    <property name="webdriver.gecko.driver" value="D:\QA\MyProjects\com.google\target\test-classes\geckodriver.exe"/>
    <property name="java.vm.specification.name" value="Java Virtual Machine Specification"/>
    <property name="sun.os.patch.level" value=""/>
    <property name="java.library.path" value="C:\java\java-13\jdk-13\jdk-13.0.2\bin;C:\Windows\Sun\Java\bin;C:\Windows\system32;C:\Windows;C:\Windows\system32;C:\Windows;C:\Windows\System32\Wbem;C:\Windows\System32\WindowsPowerShell\v1.0\;C:\Windows\System32\OpenSSH\;C:\Program Files (x86)\Common Files\Acronis\VirtualFile\;C:\Program Files (x86)\Common Files\Acronis\VirtualFile64\;C:\Program Files (x86)\Common Files\Acronis\SnapAPI\;C:\java\java-13\jdk-13\jdk-13.0.2\bin;C:\apache-maven-3.6.3\bin;C:\Program Files (x86)\Common Files\Oracle\Java\javapath;C:\Program Files\Git\cmd;C:\Program Files\Docker\Docker\resources\bin;C:\ProgramData\DockerDesktop\version-bin;C:\Users\olegn\AppData\Local\Microsoft\WindowsApps;%DASHLANE_DLL_DIR%;."/>
    <property name="java.vm.info" value="mixed mode, sharing"/>
    <property name="java.vendor" value="Oracle Corporation"/>
    <property name="java.vm.version" value="13.0.2+8"/>
    <property name="sun.io.unicode.encoding" value="UnicodeLittle"/>
    <property name="java.class.version" value="57.0"/>
  </properties>
  <testcase name="searchResultsClickingSearchButtonUnderSearchField" classname="com.google.tests.N_0001_SearchResultsClickingSearchButtonUnderSearchFieldTest" time="8.514"/>
  <testcase name="searchResultsClickingSearchButtonUnderSearchField" classname="com.google.tests.N_0001_SearchResultsClickingSearchButtonUnderSearchFieldTest" time="8.633"/>
  <testcase name="searchResultsClickingSearchButtonUnderSearchField" classname="com.google.tests.N_0001_SearchResultsClickingSearchButtonUnderSearchFieldTest" time="1.513"/>
  <testcase name="searchResultsClickingSearchButtonUnderSearchField" classname="com.google.tests.N_0001_SearchResultsClickingSearchButtonUnderSearchFieldTest" time="1.718"/>
  <testcase name="searchResultsClickingSearchButtonUnderSearchField" classname="com.google.tests.N_0001_SearchResultsClickingSearchButtonUnderSearchFieldTest" time="7.05"/>
  <testcase name="searchResultsClickingSearchButtonOnDropDownMenu" classname="com.google.tests.N_0002_SearchResultsClickingSearchButtonOnDropDownMenuTest" time="6.755"/>
  <testcase name="searchResultsClickingSearchButtonOnDropDownMenu" classname="com.google.tests.N_0002_SearchResultsClickingSearchButtonOnDropDownMenuTest" time="0.83"/>
  <testcase name="searchResultsClickingSearchButtonOnDropDownMenu" classname="com.google.tests.N_0002_SearchResultsClickingSearchButtonOnDropDownMenuTest" time="2.6"/>
  <testcase name="searchResultsClickingSearchButtonOnDropDownMenu" classname="com.google.tests.N_0002_SearchResultsClickingSearchButtonOnDropDownMenuTest" time="7.223"/>
  <testcase name="searchResultsClickingSearchButtonOnDropDownMenu" classname="com.google.tests.N_0002_SearchResultsClickingSearchButtonOnDropDownMenuTest" time="7.907"/>
  <testcase name="searchResultsClickingEnterButton" classname="com.google.tests.N_0003_SearchResultsClickingEnterButtonTest" time="1.012"/>
  <testcase name="searchResultsClickingEnterButton" classname="com.google.tests.N_0003_SearchResultsClickingEnterButtonTest" time="0.997"/>
  <testcase name="searchResultsClickingEnterButton" classname="com.google.tests.N_0003_SearchResultsClickingEnterButtonTest" time="1.215"/>
  <testcase name="searchResultsClickingEnterButton" classname="com.google.tests.N_0003_SearchResultsClickingEnterButtonTest" time="5.084"/>
  <testcase name="searchResultsClickingEnterButton" classname="com.google.tests.N_0003_SearchResultsClickingEnterButtonTest" time="11.598"/>
  <testcase name="clickSearchButtonWhenSearchFieldIsEmpty" classname="com.google.tests.N_0004_ClickSearchButtonWhenSearchFieldIsEmptyTest" time="3.504"/>
  <testcase name="clickSearchButtonWhenSearchFieldIsEmpty" classname="com.google.tests.N_0004_ClickSearchButtonWhenSearchFieldIsEmptyTest" time="11.558"/>
  <testcase name="clickSearchButtonWhenSearchFieldIsEmpty" classname="com.google.tests.N_0004_ClickSearchButtonWhenSearchFieldIsEmptyTest" time="1.786"/>
  <testcase name="clickSearchButtonWhenSearchFieldIsEmpty" classname="com.google.tests.N_0004_ClickSearchButtonWhenSearchFieldIsEmptyTest" time="0.226"/>
  <testcase name="clickSearchButtonWhenSearchFieldIsEmpty" classname="com.google.tests.N_0004_ClickSearchButtonWhenSearchFieldIsEmptyTest" time="0.48"/>
  <testcase name="countSearchResult" classname="com.google.tests.N_0005_CountSearchResultTest" time="0.634">
    <failure message="The command failed because the specified element reference is stale.&#10;For documentation on this error, please visit: https://www.seleniumhq.org/exceptions/stale_element_reference.html&#10;Build info: version: &apos;3.141.59&apos;, revision: &apos;e82be7d358&apos;, time: &apos;2018-11-14T08:17:03&apos;&#10;System info: host: &apos;DESKTOP-S5NFJF9&apos;, ip: &apos;192.168.31.32&apos;, os.name: &apos;Windows 10&apos;, os.arch: &apos;amd64&apos;, os.version: &apos;10.0&apos;, java.version: &apos;13.0.2&apos;&#10;Driver info: org.openqa.selenium.edge.EdgeDriver&#10;Capabilities {acceptInsecureCerts: false, browserName: MicrosoftEdge, browserVersion: 44.18362.449.0, javascriptEnabled: true, pageLoadStrategy: normal, platform: WINDOWS, platformName: WINDOWS, proxy: Proxy(), setWindowRect: false, timeouts: {implicit: 0, pageLoad: 300000, script: 30000}}&#10;Session ID: D9BBD282-CF99-4C47-A0A9-1370F743868B" type="org.openqa.selenium.StaleElementReferenceException"><![CDATA[org.openqa.selenium.StaleElementReferenceException: 
The command failed because the specified element reference is stale.
For documentation on this error, please visit: https://www.seleniumhq.org/exceptions/stale_element_reference.html
Build info: version: '3.141.59', revision: 'e82be7d358', time: '2018-11-14T08:17:03'
System info: host: 'DESKTOP-S5NFJF9', ip: '192.168.31.32', os.name: 'Windows 10', os.arch: 'amd64', os.version: '10.0', java.version: '13.0.2'
Driver info: org.openqa.selenium.edge.EdgeDriver
Capabilities {acceptInsecureCerts: false, browserName: MicrosoftEdge, browserVersion: 44.18362.449.0, javascriptEnabled: true, pageLoadStrategy: normal, platform: WINDOWS, platformName: WINDOWS, proxy: Proxy(), setWindowRect: false, timeouts: {implicit: 0, pageLoad: 300000, script: 30000}}
Session ID: D9BBD282-CF99-4C47-A0A9-1370F743868B
	at com.google.tests.N_0005_CountSearchResultTest.countSearchResult(N_0005_CountSearchResultTest.java:17)
]]></failure>
    <system-out><![CDATA[Clicked on: [[OperaDriver: opera on WINDOWS (a08ba42ffa2abd0cf19b0598ade21821)] -> css selector: #pnnext > span:nth-child(2)]
Trying to find Element By : By.cssSelector: #rso>div
Found Element By : By.cssSelector: #rso>div
Before navigating to: 'https://www.google.com/'
Trying to find Element By : By.cssSelector: #pnnext > span:nth-child(2)
Found Element By : By.cssSelector: #pnnext > span:nth-child(2)
Trying to find Element By : By.cssSelector: #pnnext > span:nth-child(2)
Found Element By : By.cssSelector: #pnnext > span:nth-child(2)
Trying to find Element By : By.cssSelector: #pnnext > span:nth-child(2)
Found Element By : By.cssSelector: #pnnext > span:nth-child(2)
Trying to click on: [[OperaDriver: opera on WINDOWS (a08ba42ffa2abd0cf19b0598ade21821)] -> css selector: #pnnext > span:nth-child(2)]
Navigated to:'https://www.google.com/'
Trying to find Element By : By.name: q
Clicked on: [[OperaDriver: opera on WINDOWS (a08ba42ffa2abd0cf19b0598ade21821)] -> css selector: #pnnext > span:nth-child(2)]
Trying to find Element By : By.cssSelector: #rso>div
Found Element By : By.cssSelector: #rso>div
Found Element By : By.name: q
Trying to find Element By : By.name: q
Found Element By : By.name: q
Change value: [[EdgeDriver: MicrosoftEdge on WINDOWS (D9BBD282-CF99-4C47-A0A9-1370F743868B)] -> name: q]
Changed element: [[EdgeDriver: MicrosoftEdge on WINDOWS (D9BBD282-CF99-4C47-A0A9-1370F743868B)] -> name: q]
Trying to find Element By : By.name: q
Found Element By : By.name: q
Trying to find Element By : By.name: q
Found Element By : By.name: q
Change value: [[EdgeDriver: MicrosoftEdge on WINDOWS (D9BBD282-CF99-4C47-A0A9-1370F743868B)] -> name: q]
Changed element: [[EdgeDriver: MicrosoftEdge on WINDOWS (D9BBD282-CF99-4C47-A0A9-1370F743868B)] -> name: q]
Trying to find Element By : By.cssSelector: #rso>div
Trying to find Element By : By.cssSelector: #pnnext > span:nth-child(2)
Found Element By : By.cssSelector: #pnnext > span:nth-child(2)
Trying to find Element By : By.cssSelector: #pnnext > span:nth-child(2)
Found Element By : By.cssSelector: #rso>div
Trying to find Element By : By.cssSelector: #rso>div
Found Element By : By.cssSelector: #pnnext > span:nth-child(2)
Trying to find Element By : By.cssSelector: #pnnext > span:nth-child(2)
Found Element By : By.cssSelector: #pnnext > span:nth-child(2)
Trying to click on: [[OperaDriver: opera on WINDOWS (a08ba42ffa2abd0cf19b0598ade21821)] -> css selector: #pnnext > span:nth-child(2)]
Found Element By : By.cssSelector: #rso>div
Clicked on: [[OperaDriver: opera on WINDOWS (a08ba42ffa2abd0cf19b0598ade21821)] -> css selector: #pnnext > span:nth-child(2)]
Trying to find Element By : By.cssSelector: #rso>div
Found Element By : By.cssSelector: #rso>div
Trying to find Element By : By.cssSelector: #pnnext > span:nth-child(2)
Found Element By : By.cssSelector: #pnnext > span:nth-child(2)
Trying to find Element By : By.cssSelector: #pnnext > span:nth-child(2)
Found Element By : By.cssSelector: #pnnext > span:nth-child(2)
Trying to find Element By : By.cssSelector: #pnnext > span:nth-child(2)
Found Element By : By.cssSelector: #pnnext > span:nth-child(2)
Trying to click on: [[OperaDriver: opera on WINDOWS (a08ba42ffa2abd0cf19b0598ade21821)] -> css selector: #pnnext > span:nth-child(2)]
Before navigating to: 'https://www.google.com/'
Clicked on: [[OperaDriver: opera on WINDOWS (a08ba42ffa2abd0cf19b0598ade21821)] -> css selector: #pnnext > span:nth-child(2)]
Trying to find Element By : By.cssSelector: #rso>div
Found Element By : By.cssSelector: #rso>div
Navigated to:'https://www.google.com/'
Trying to find Element By : By.name: q
Found Element By : By.name: q
Trying to find Element By : By.name: q
Found Element By : By.name: q
Change value: [[ChromeDriver: chrome on WINDOWS (f71b480d70cd15898ff471a9d31bd64b)] -> name: q]
Changed element: [[ChromeDriver: chrome on WINDOWS (f71b480d70cd15898ff471a9d31bd64b)] -> name: q]
Trying to find Element By : By.name: q
Found Element By : By.name: q
Trying to find Element By : By.name: q
Found Element By : By.name: q
Change value: [[ChromeDriver: chrome on WINDOWS (f71b480d70cd15898ff471a9d31bd64b)] -> name: q]
Trying to find Element By : By.cssSelector: #pnnext > span:nth-child(2)
Trying to find Element By : By.cssSelector: #pnnext > span:nth-child(2)
Found Element By : By.cssSelector: #pnnext > span:nth-child(2)
Trying to find Element By : By.cssSelector: #pnnext > span:nth-child(2)
Found Element By : By.cssSelector: #pnnext > span:nth-child(2)
Found Element By : By.cssSelector: #pnnext > span:nth-child(2)
Trying to find Element By : By.cssSelector: #pnnext > span:nth-child(2)
Trying to find Element By : By.cssSelector: #pnnext > span:nth-child(2)
Found Element By : By.cssSelector: #pnnext > span:nth-child(2)
Trying to click on: [[OperaDriver: opera on WINDOWS (a08ba42ffa2abd0cf19b0598ade21821)] -> css selector: #pnnext > span:nth-child(2)]
Found Element By : By.cssSelector: #pnnext > span:nth-child(2)
Trying to find Element By : By.cssSelector: #pnnext > span:nth-child(2)
Found Element By : By.cssSelector: #pnnext > span:nth-child(2)
Trying to click on: [[EdgeDriver: MicrosoftEdge on WINDOWS (D9BBD282-CF99-4C47-A0A9-1370F743868B)] -> css selector: #pnnext > span:nth-child(2)]
Clicked on: [[EdgeDriver: MicrosoftEdge on WINDOWS (D9BBD282-CF99-4C47-A0A9-1370F743868B)] -> css selector: #pnnext > span:nth-child(2)]
Trying to find Element By : By.cssSelector: #rso>div
Changed element: [[ChromeDriver: chrome on WINDOWS (f71b480d70cd15898ff471a9d31bd64b)] -> name: q]
Trying to find Element By : By.cssSelector: #rso>div
Found Element By : By.cssSelector: #rso>div
Trying to find Element By : By.cssSelector: #rso>div
Found Element By : By.cssSelector: #rso>div
Found Element By : By.cssSelector: #rso>div
Clicked on: [[OperaDriver: opera on WINDOWS (a08ba42ffa2abd0cf19b0598ade21821)] -> css selector: #pnnext > span:nth-child(2)]
Trying to find Element By : By.cssSelector: #rso>div
Found Element By : By.cssSelector: #rso>div
Before navigating to: 'https://www.google.com/'
Trying to find Element By : By.cssSelector: #pnnext > span:nth-child(2)
Navigated to:'https://www.google.com/'
Trying to find Element By : By.name: q
Found Element By : By.name: q
Found Element By : By.cssSelector: #pnnext > span:nth-child(2)
Trying to find Element By : By.cssSelector: #pnnext > span:nth-child(2)
Trying to find Element By : By.name: q
Found Element By : By.name: q
Found Element By : By.cssSelector: #pnnext > span:nth-child(2)
Trying to find Element By : By.cssSelector: #pnnext > span:nth-child(2)
Change value: [[FirefoxDriver: firefox on WINDOWS (b8c2c8e3-d3c5-4351-ad55-439434395e49)] -> name: q]
Found Element By : By.cssSelector: #pnnext > span:nth-child(2)
Trying to click on: [[EdgeDriver: MicrosoftEdge on WINDOWS (D9BBD282-CF99-4C47-A0A9-1370F743868B)] -> css selector: #pnnext > span:nth-child(2)]
Clicked on: [[EdgeDriver: MicrosoftEdge on WINDOWS (D9BBD282-CF99-4C47-A0A9-1370F743868B)] -> css selector: #pnnext > span:nth-child(2)]
Trying to find Element By : By.cssSelector: #rso>div
Changed element: [[FirefoxDriver: firefox on WINDOWS (b8c2c8e3-d3c5-4351-ad55-439434395e49)] -> name: q]
Trying to find Element By : By.name: q
Found Element By : By.name: q
Found Element By : By.cssSelector: #rso>div
]]></system-out>
    <system-err><![CDATA[[1590076722.027][SEVERE]: Timed out receiving message from renderer: 0.100
[1590076722.656][SEVERE]: Timed out receiving message from renderer: 0.100
[1590076722.912][SEVERE]: Timed out receiving message from renderer: 0.100
The following JSON wire protocol command endpoint is not allowed when server is running in W3C mode.
GET /shutdown

[1590076723.014][SEVERE]: Timed out receiving message from renderer: 0.100
[18:58:43.087] - Listening on http://127.0.0.1:42728/ 
[18:58:43.087] - Listening on http://[::1]:42728/ 
May 21, 2020 6:58:44 PM org.openqa.selenium.remote.ProtocolHandshake createSession
INFO: Detected dialect: W3C
1590076726053	Marionette	ERROR	[24] No reply from Marionette:Register
[1590076726.803][SEVERE]: Timed out receiving message from renderer: 0.100
[1590076727.058][SEVERE]: Timed out receiving message from renderer: 0.100

###!!! [Child][MessageChannel::SendAndWait] Error: Channel error: cannot send/recv

May 21, 2020 6:58:48 PM org.openqa.selenium.os.OsProcess destroy
SEVERE: Unable to kill process Process[pid=3432, exitValue=1]
Starting ChromeDriver 81.0.4044.69 (6813546031a4bc83f717a2ef7cd4ac6ec1199132-refs/branch-heads/4044@{#776}) on port 47818
Only local connections are allowed.
Please protect ports used by ChromeDriver and related test frameworks to prevent access by malicious code.
[1590076732.114][SEVERE]: Timed out receiving message from renderer: 0.100
[1590076732.750][SEVERE]: Timed out receiving message from renderer: 0.100
May 21, 2020 6:58:53 PM org.openqa.selenium.remote.ProtocolHandshake createSession
INFO: Detected dialect: W3C
A content process crashed and MOZ_CRASHREPORTER_SHUTDOWN is set, shutting down
[1590076735.457][SEVERE]: Timed out receiving message from renderer: 0.100
[1590076735.566][SEVERE]: Timed out receiving message from renderer: 0.100
[1590076736.035][SEVERE]: Timed out receiving message from renderer: 0.100
[1590076736.164][SEVERE]: Timed out receiving message from renderer: 0.100
1590076737051	mozrunner::runner	INFO	Running command: "C:\\Program Files\\Mozilla Firefox\\firefox.exe" "-marionette" "-foreground" "-no-remote" "-profile" "C:\\Users\\olegn\\AppData\\Local\\Temp\\rust_mozprofile7ESddD"
[1590076737.184][SEVERE]: Timed out receiving message from renderer: 0.100
[1590076737.448][SEVERE]: Timed out receiving message from renderer: 0.100
[1590076737.897][SEVERE]: Timed out receiving message from renderer: 0.100
1590076738391	addons.webextension.doh-rollout@mozilla.org	WARN	Loading extension 'doh-rollout@mozilla.org': Reading manifest: Invalid extension permission: networkStatus
[1590076739.931][SEVERE]: Timed out receiving message from renderer: 0.100
1590076740041	addons.webextension.screenshots@mozilla.org	WARN	Loading extension 'screenshots@mozilla.org': Reading manifest: Invalid extension permission: mozillaAddons
1590076740042	addons.webextension.screenshots@mozilla.org	WARN	Loading extension 'screenshots@mozilla.org': Reading manifest: Invalid extension permission: telemetry
1590076740043	addons.webextension.screenshots@mozilla.org	WARN	Loading extension 'screenshots@mozilla.org': Reading manifest: Invalid extension permission: resource://pdf.js/
1590076740044	addons.webextension.screenshots@mozilla.org	WARN	Loading extension 'screenshots@mozilla.org': Reading manifest: Invalid extension permission: about:reader*
[1590076740.300][SEVERE]: Timed out receiving message from renderer: 0.100
[1590076740.628][SEVERE]: Timed out receiving message from renderer: 0.100
[1590076740.854][SEVERE]: Timed out receiving message from renderer: 0.100
[1590076741.173][SEVERE]: Timed out receiving message from renderer: 0.100
[1590076741.462][SEVERE]: Timed out receiving message from renderer: 0.100
[1590076742.135][SEVERE]: Timed out receiving message from renderer: 0.100
[1590076742.307][SEVERE]: Timed out receiving message from renderer: 0.100
[1590076743.085][SEVERE]: Timed out receiving message from renderer: 0.100
[1590076743.348][SEVERE]: Timed out receiving message from renderer: 0.100
JavaScript error: resource://gre/modules/XULStore.jsm, line 66: Error: Can't find profile directory.
1590076747405	Marionette	INFO	Listening on port 54000
1590076747555	Marionette	WARN	TLS certificate errors will be ignored for this session
May 21, 2020 6:59:07 PM org.openqa.selenium.remote.ProtocolHandshake createSession
INFO: Detected dialect: W3C
]]></system-err>
  </testcase>
  <testcase name="countSearchResult" classname="com.google.tests.N_0005_CountSearchResultTest" time="41.905"/>
  <testcase name="countSearchResult" classname="com.google.tests.N_0005_CountSearchResultTest" time="59.994"/>
  <testcase name="countSearchResult" classname="com.google.tests.N_0005_CountSearchResultTest" time="77.168"/>
</testsuite>