<?xml version="1.0" encoding="utf-8" ?>
<!DOCTYPE html PUBLIC "-//W3C//DTD XHTML 1.0 Strict//EN"
        "http://www.w3.org/TR/xhtml1/DTD/xhtml1-strict.dtd">
<html xmlns="http://www.w3.org/1999/xhtml" xml:lang="" lang="">
<head>
  <title>Test Results Report - All-tests [Edge]</title>
  <meta http-equiv="Content-Type" content="text/html;charset=utf-8" />
  <meta name="description" content="TestNG unit test results." />
  <link href="reportng.css" rel="stylesheet" type="text/css" />
    <script type="text/javascript" src="reportng.js"></script>
</head>
<body>
<h1>All-tests [Edge]</h1>
<p>
  Test duration: 0.086s
</p>

  <table class="resultsTable configTable">
    <tr><th colspan="3" class="header failedConfig">Failed Configuration</th></tr>
              <tr class="group">
        <td colspan="3">com.google.tests.N_0001_SearchResultsClickingSearchButtonUnderSearchFieldTest</td>
      </tr>
            
<tr>
  <td class="method">
                  setUpDriver
      </td>
  <td class="duration">
    0.071s
  </td>
  <td class="result">
        
          <i>Method arguments: </i><span class="arguments">"edge"</span><br />
    
        

        <a href="javascript:toggleElement('exception-0', 'block')" title="Click to expand/collapse"><b>java.lang.IllegalStateException: The path to the driver executable must be set by the webdriver.edge.driver system property; for more information, see https://github.com/SeleniumHQ/selenium/wiki/MicrosoftWebDriver. The latest version can be downloaded from http://go.microsoft.com/fwlink/?LinkId=619687</b></a><br />
    <div class="stackTrace" id="exception-0">
              com.google.common.base.Preconditions.checkState(Preconditions.java:847)<br />
              org.openqa.selenium.remote.service.DriverService.findExecutable(DriverService.java:134)<br />
              org.openqa.selenium.edge.EdgeDriverService.access$000(EdgeDriverService.java:37)<br />
              org.openqa.selenium.edge.EdgeDriverService$Builder.findDefaultExecutable(EdgeDriverService.java:90)<br />
              org.openqa.selenium.remote.service.DriverService$Builder.build(DriverService.java:355)<br />
              org.openqa.selenium.edge.EdgeDriverService.createDefaultService(EdgeDriverService.java:70)<br />
              org.openqa.selenium.edge.EdgeDriver.&lt;init&gt;(EdgeDriver.java:96)<br />
              com.google.utils.DriverFactory.initDriver(DriverFactory.java:54)<br />
              com.google.tests.BaseTest.setUpDriver(BaseTest.java:38)<br />
              java.base/jdk.internal.reflect.DirectMethodHandleAccessor.invoke(DirectMethodHandleAccessor.java:103)<br />
              java.base/java.lang.reflect.Method.invoke(Method.java:580)<br />
              org.testng.internal.invokers.MethodInvocationHelper.invokeMethod(MethodInvocationHelper.java:139)<br />
              org.testng.internal.invokers.MethodInvocationHelper.invokeMethodConsideringTimeout(MethodInvocationHelper.java:69)<br />
              org.testng.internal.invokers.ConfigInvoker.invokeConfigurationMethod(ConfigInvoker.java:361)<br />
              org.testng.internal.invokers.ConfigInvoker.invokeConfigurations(ConfigInvoker.java:296)<br />
              org.testng.internal.invokers.TestMethodWorker.invokeBeforeClassMethods(TestMethodWorker.java:180)<br />
              org.testng.internal.invokers.TestMethodWorker.run(TestMethodWorker.java:122)<br />
              java.base/java.util.ArrayList.forEach(ArrayList.java:1596)<br />
              org.testng.TestRunner.privateRun(TestRunner.java:829)<br />
              org.testng.TestRunner.run(TestRunner.java:602)<br />
              org.testng.SuiteRunner.runTest(SuiteRunner.java:437)<br />
              org.testng.SuiteRunner$SuiteWorker.run(SuiteRunner.java:475)<br />
              org.testng.internal.thread.ThreadUtil.lambda$execute$0(ThreadUtil.java:58)<br />
              java.base/java.util.concurrent.FutureTask.run(FutureTask.java:317)<br />
              java.base/java.util.concurrent.ThreadPoolExecutor.runWorker(ThreadPoolExecutor.java:1144)<br />
              java.base/java.util.concurrent.ThreadPoolExecutor$Worker.run(ThreadPoolExecutor.java:642)<br />
              java.base/java.lang.Thread.run(Thread.java:1583)<br />
                </div>
      </td>
</tr>
          <tr class="group">
        <td colspan="3">com.google.tests.N_0002_SearchResultsClickingSearchButtonOnDropDownMenuTest</td>
      </tr>
            
<tr>
  <td class="method">
                  setUpDriver
      </td>
  <td class="duration">
    0.002s
  </td>
  <td class="result">
        
          <i>Method arguments: </i><span class="arguments">"edge"</span><br />
    
        

        <a href="javascript:toggleElement('exception-1', 'block')" title="Click to expand/collapse"><b>java.lang.IllegalStateException: The path to the driver executable must be set by the webdriver.edge.driver system property; for more information, see https://github.com/SeleniumHQ/selenium/wiki/MicrosoftWebDriver. The latest version can be downloaded from http://go.microsoft.com/fwlink/?LinkId=619687</b></a><br />
    <div class="stackTrace" id="exception-1">
              com.google.common.base.Preconditions.checkState(Preconditions.java:847)<br />
              org.openqa.selenium.remote.service.DriverService.findExecutable(DriverService.java:134)<br />
              org.openqa.selenium.edge.EdgeDriverService.access$000(EdgeDriverService.java:37)<br />
              org.openqa.selenium.edge.EdgeDriverService$Builder.findDefaultExecutable(EdgeDriverService.java:90)<br />
              org.openqa.selenium.remote.service.DriverService$Builder.build(DriverService.java:355)<br />
              org.openqa.selenium.edge.EdgeDriverService.createDefaultService(EdgeDriverService.java:70)<br />
              org.openqa.selenium.edge.EdgeDriver.&lt;init&gt;(EdgeDriver.java:96)<br />
              com.google.utils.DriverFactory.initDriver(DriverFactory.java:54)<br />
              com.google.tests.BaseTest.setUpDriver(BaseTest.java:38)<br />
              java.base/jdk.internal.reflect.DirectMethodHandleAccessor.invoke(DirectMethodHandleAccessor.java:103)<br />
              java.base/java.lang.reflect.Method.invoke(Method.java:580)<br />
              org.testng.internal.invokers.MethodInvocationHelper.invokeMethod(MethodInvocationHelper.java:139)<br />
              org.testng.internal.invokers.MethodInvocationHelper.invokeMethodConsideringTimeout(MethodInvocationHelper.java:69)<br />
              org.testng.internal.invokers.ConfigInvoker.invokeConfigurationMethod(ConfigInvoker.java:361)<br />
              org.testng.internal.invokers.ConfigInvoker.invokeConfigurations(ConfigInvoker.java:296)<br />
              org.testng.internal.invokers.TestMethodWorker.invokeBeforeClassMethods(TestMethodWorker.java:180)<br />
              org.testng.internal.invokers.TestMethodWorker.run(TestMethodWorker.java:122)<br />
              java.base/java.util.ArrayList.forEach(ArrayList.java:1596)<br />
              org.testng.TestRunner.privateRun(TestRunner.java:829)<br />
              org.testng.TestRunner.run(TestRunner.java:602)<br />
              org.testng.SuiteRunner.runTest(SuiteRunner.java:437)<br />
              org.testng.SuiteRunner$SuiteWorker.run(SuiteRunner.java:475)<br />
              org.testng.internal.thread.ThreadUtil.lambda$execute$0(ThreadUtil.java:58)<br />
              java.base/java.util.concurrent.FutureTask.run(FutureTask.java:317)<br />
              java.base/java.util.concurrent.ThreadPoolExecutor.runWorker(ThreadPoolExecutor.java:1144)<br />
              java.base/java.util.concurrent.ThreadPoolExecutor$Worker.run(ThreadPoolExecutor.java:642)<br />
              java.base/java.lang.Thread.run(Thread.java:1583)<br />
                </div>
      </td>
</tr>
          <tr class="group">
        <td colspan="3">com.google.tests.N_0003_SearchResultsClickingEnterButtonTest</td>
      </tr>
            
<tr>
  <td class="method">
                  setUpDriver
      </td>
  <td class="duration">
    0.003s
  </td>
  <td class="result">
        
          <i>Method arguments: </i><span class="arguments">"edge"</span><br />
    
        

        <a href="javascript:toggleElement('exception-2', 'block')" title="Click to expand/collapse"><b>java.lang.IllegalStateException: The path to the driver executable must be set by the webdriver.edge.driver system property; for more information, see https://github.com/SeleniumHQ/selenium/wiki/MicrosoftWebDriver. The latest version can be downloaded from http://go.microsoft.com/fwlink/?LinkId=619687</b></a><br />
    <div class="stackTrace" id="exception-2">
              com.google.common.base.Preconditions.checkState(Preconditions.java:847)<br />
              org.openqa.selenium.remote.service.DriverService.findExecutable(DriverService.java:134)<br />
              org.openqa.selenium.edge.EdgeDriverService.access$000(EdgeDriverService.java:37)<br />
              org.openqa.selenium.edge.EdgeDriverService$Builder.findDefaultExecutable(EdgeDriverService.java:90)<br />
              org.openqa.selenium.remote.service.DriverService$Builder.build(DriverService.java:355)<br />
              org.openqa.selenium.edge.EdgeDriverService.createDefaultService(EdgeDriverService.java:70)<br />
              org.openqa.selenium.edge.EdgeDriver.&lt;init&gt;(EdgeDriver.java:96)<br />
              com.google.utils.DriverFactory.initDriver(DriverFactory.java:54)<br />
              com.google.tests.BaseTest.setUpDriver(BaseTest.java:38)<br />
              java.base/jdk.internal.reflect.DirectMethodHandleAccessor.invoke(DirectMethodHandleAccessor.java:103)<br />
              java.base/java.lang.reflect.Method.invoke(Method.java:580)<br />
              org.testng.internal.invokers.MethodInvocationHelper.invokeMethod(MethodInvocationHelper.java:139)<br />
              org.testng.internal.invokers.MethodInvocationHelper.invokeMethodConsideringTimeout(MethodInvocationHelper.java:69)<br />
              org.testng.internal.invokers.ConfigInvoker.invokeConfigurationMethod(ConfigInvoker.java:361)<br />
              org.testng.internal.invokers.ConfigInvoker.invokeConfigurations(ConfigInvoker.java:296)<br />
              org.testng.internal.invokers.TestMethodWorker.invokeBeforeClassMethods(TestMethodWorker.java:180)<br />
              org.testng.internal.invokers.TestMethodWorker.run(TestMethodWorker.java:122)<br />
              java.base/java.util.ArrayList.forEach(ArrayList.java:1596)<br />
              org.testng.TestRunner.privateRun(TestRunner.java:829)<br />
              org.testng.TestRunner.run(TestRunner.java:602)<br />
              org.testng.SuiteRunner.runTest(SuiteRunner.java:437)<br />
              org.testng.SuiteRunner$SuiteWorker.run(SuiteRunner.java:475)<br />
              org.testng.internal.thread.ThreadUtil.lambda$execute$0(ThreadUtil.java:58)<br />
              java.base/java.util.concurrent.FutureTask.run(FutureTask.java:317)<br />
              java.base/java.util.concurrent.ThreadPoolExecutor.runWorker(ThreadPoolExecutor.java:1144)<br />
              java.base/java.util.concurrent.ThreadPoolExecutor$Worker.run(ThreadPoolExecutor.java:642)<br />
              java.base/java.lang.Thread.run(Thread.java:1583)<br />
                </div>
      </td>
</tr>
          <tr class="group">
        <td colspan="3">com.google.tests.N_0004_ClickSearchButtonWhenSearchFieldIsEmptyTest</td>
      </tr>
            
<tr>
  <td class="method">
                  setUpDriver
      </td>
  <td class="duration">
    0.002s
  </td>
  <td class="result">
        
          <i>Method arguments: </i><span class="arguments">"edge"</span><br />
    
        

        <a href="javascript:toggleElement('exception-3', 'block')" title="Click to expand/collapse"><b>java.lang.IllegalStateException: The path to the driver executable must be set by the webdriver.edge.driver system property; for more information, see https://github.com/SeleniumHQ/selenium/wiki/MicrosoftWebDriver. The latest version can be downloaded from http://go.microsoft.com/fwlink/?LinkId=619687</b></a><br />
    <div class="stackTrace" id="exception-3">
              com.google.common.base.Preconditions.checkState(Preconditions.java:847)<br />
              org.openqa.selenium.remote.service.DriverService.findExecutable(DriverService.java:134)<br />
              org.openqa.selenium.edge.EdgeDriverService.access$000(EdgeDriverService.java:37)<br />
              org.openqa.selenium.edge.EdgeDriverService$Builder.findDefaultExecutable(EdgeDriverService.java:90)<br />
              org.openqa.selenium.remote.service.DriverService$Builder.build(DriverService.java:355)<br />
              org.openqa.selenium.edge.EdgeDriverService.createDefaultService(EdgeDriverService.java:70)<br />
              org.openqa.selenium.edge.EdgeDriver.&lt;init&gt;(EdgeDriver.java:96)<br />
              com.google.utils.DriverFactory.initDriver(DriverFactory.java:54)<br />
              com.google.tests.BaseTest.setUpDriver(BaseTest.java:38)<br />
              java.base/jdk.internal.reflect.DirectMethodHandleAccessor.invoke(DirectMethodHandleAccessor.java:103)<br />
              java.base/java.lang.reflect.Method.invoke(Method.java:580)<br />
              org.testng.internal.invokers.MethodInvocationHelper.invokeMethod(MethodInvocationHelper.java:139)<br />
              org.testng.internal.invokers.MethodInvocationHelper.invokeMethodConsideringTimeout(MethodInvocationHelper.java:69)<br />
              org.testng.internal.invokers.ConfigInvoker.invokeConfigurationMethod(ConfigInvoker.java:361)<br />
              org.testng.internal.invokers.ConfigInvoker.invokeConfigurations(ConfigInvoker.java:296)<br />
              org.testng.internal.invokers.TestMethodWorker.invokeBeforeClassMethods(TestMethodWorker.java:180)<br />
              org.testng.internal.invokers.TestMethodWorker.run(TestMethodWorker.java:122)<br />
              java.base/java.util.ArrayList.forEach(ArrayList.java:1596)<br />
              org.testng.TestRunner.privateRun(TestRunner.java:829)<br />
              org.testng.TestRunner.run(TestRunner.java:602)<br />
              org.testng.SuiteRunner.runTest(SuiteRunner.java:437)<br />
              org.testng.SuiteRunner$SuiteWorker.run(SuiteRunner.java:475)<br />
              org.testng.internal.thread.ThreadUtil.lambda$execute$0(ThreadUtil.java:58)<br />
              java.base/java.util.concurrent.FutureTask.run(FutureTask.java:317)<br />
              java.base/java.util.concurrent.ThreadPoolExecutor.runWorker(ThreadPoolExecutor.java:1144)<br />
              java.base/java.util.concurrent.ThreadPoolExecutor$Worker.run(ThreadPoolExecutor.java:642)<br />
              java.base/java.lang.Thread.run(Thread.java:1583)<br />
                </div>
      </td>
</tr>
          <tr class="group">
        <td colspan="3">com.google.tests.N_0005_CountSearchResultTest</td>
      </tr>
            
<tr>
  <td class="method">
                  setUpDriver
      </td>
  <td class="duration">
    0.003s
  </td>
  <td class="result">
        
          <i>Method arguments: </i><span class="arguments">"edge"</span><br />
    
        

        <a href="javascript:toggleElement('exception-4', 'block')" title="Click to expand/collapse"><b>java.lang.IllegalStateException: The path to the driver executable must be set by the webdriver.edge.driver system property; for more information, see https://github.com/SeleniumHQ/selenium/wiki/MicrosoftWebDriver. The latest version can be downloaded from http://go.microsoft.com/fwlink/?LinkId=619687</b></a><br />
    <div class="stackTrace" id="exception-4">
              com.google.common.base.Preconditions.checkState(Preconditions.java:847)<br />
              org.openqa.selenium.remote.service.DriverService.findExecutable(DriverService.java:134)<br />
              org.openqa.selenium.edge.EdgeDriverService.access$000(EdgeDriverService.java:37)<br />
              org.openqa.selenium.edge.EdgeDriverService$Builder.findDefaultExecutable(EdgeDriverService.java:90)<br />
              org.openqa.selenium.remote.service.DriverService$Builder.build(DriverService.java:355)<br />
              org.openqa.selenium.edge.EdgeDriverService.createDefaultService(EdgeDriverService.java:70)<br />
              org.openqa.selenium.edge.EdgeDriver.&lt;init&gt;(EdgeDriver.java:96)<br />
              com.google.utils.DriverFactory.initDriver(DriverFactory.java:54)<br />
              com.google.tests.BaseTest.setUpDriver(BaseTest.java:38)<br />
              java.base/jdk.internal.reflect.DirectMethodHandleAccessor.invoke(DirectMethodHandleAccessor.java:103)<br />
              java.base/java.lang.reflect.Method.invoke(Method.java:580)<br />
              org.testng.internal.invokers.MethodInvocationHelper.invokeMethod(MethodInvocationHelper.java:139)<br />
              org.testng.internal.invokers.MethodInvocationHelper.invokeMethodConsideringTimeout(MethodInvocationHelper.java:69)<br />
              org.testng.internal.invokers.ConfigInvoker.invokeConfigurationMethod(ConfigInvoker.java:361)<br />
              org.testng.internal.invokers.ConfigInvoker.invokeConfigurations(ConfigInvoker.java:296)<br />
              org.testng.internal.invokers.TestMethodWorker.invokeBeforeClassMethods(TestMethodWorker.java:180)<br />
              org.testng.internal.invokers.TestMethodWorker.run(TestMethodWorker.java:122)<br />
              java.base/java.util.ArrayList.forEach(ArrayList.java:1596)<br />
              org.testng.TestRunner.privateRun(TestRunner.java:829)<br />
              org.testng.TestRunner.run(TestRunner.java:602)<br />
              org.testng.SuiteRunner.runTest(SuiteRunner.java:437)<br />
              org.testng.SuiteRunner$SuiteWorker.run(SuiteRunner.java:475)<br />
              org.testng.internal.thread.ThreadUtil.lambda$execute$0(ThreadUtil.java:58)<br />
              java.base/java.util.concurrent.FutureTask.run(FutureTask.java:317)<br />
              java.base/java.util.concurrent.ThreadPoolExecutor.runWorker(ThreadPoolExecutor.java:1144)<br />
              java.base/java.util.concurrent.ThreadPoolExecutor$Worker.run(ThreadPoolExecutor.java:642)<br />
              java.base/java.lang.Thread.run(Thread.java:1583)<br />
                </div>
      </td>
</tr>
    
      </table>



  <table class="resultsTable" width="100%">
    <tr><th colspan="3" class="header skipped">Skipped Tests</th></tr>
          <tr>
        <td colspan="3" class="group">com.google.tests.N_0001_SearchResultsClickingSearchButtonUnderSearchFieldTest</td>
      </tr>
            
<tr>
  <td class="method">
                  searchResultsClickingSearchButtonUnderSearchField
      </td>
  <td class="duration">
    0.000s
  </td>
  <td class="result">
                               
    
            <div class="testOutput">
                        [14:00:10.5534746] Test 'searchResultsClickingSearchButtonUnderSearchField' skipped<br />
                  </div>
    

      </td>
</tr>
          <tr>
        <td colspan="3" class="group">com.google.tests.N_0002_SearchResultsClickingSearchButtonOnDropDownMenuTest</td>
      </tr>
            
<tr>
  <td class="method">
                  searchResultsClickingSearchButtonOnDropDownMenu
      </td>
  <td class="duration">
    0.000s
  </td>
  <td class="result">
                               
    
            <div class="testOutput">
                        [14:00:10.5624744] Test 'searchResultsClickingSearchButtonOnDropDownMenu' skipped<br />
                  </div>
    

      </td>
</tr>
          <tr>
        <td colspan="3" class="group">com.google.tests.N_0003_SearchResultsClickingEnterButtonTest</td>
      </tr>
            
<tr>
  <td class="method">
                  searchResultsClickingEnterButton
      </td>
  <td class="duration">
    0.000s
  </td>
  <td class="result">
                               
    
            <div class="testOutput">
                        [14:00:10.568476] Test 'searchResultsClickingEnterButton' skipped<br />
                  </div>
    

      </td>
</tr>
          <tr>
        <td colspan="3" class="group">com.google.tests.N_0004_ClickSearchButtonWhenSearchFieldIsEmptyTest</td>
      </tr>
            
<tr>
  <td class="method">
                  clickSearchButtonWhenSearchFieldIsEmpty
      </td>
  <td class="duration">
    0.000s
  </td>
  <td class="result">
                               
    
            <div class="testOutput">
                        [14:00:10.5734817] Test 'clickSearchButtonWhenSearchFieldIsEmpty' skipped<br />
                  </div>
    

      </td>
</tr>
          <tr>
        <td colspan="3" class="group">com.google.tests.N_0005_CountSearchResultTest</td>
      </tr>
            
<tr>
  <td class="method">
                  countSearchResult
      </td>
  <td class="duration">
    0.000s
  </td>
  <td class="result">
                               
    
            <div class="testOutput">
                        [14:00:10.5794809] Test 'countSearchResult' skipped<br />
                  </div>
    

      </td>
</tr>
      </table>

  
</body>
</html>
